82.2977 	WARNING 	User requested fullscreen with size [1280  720], but screen is actually [1920, 1080]. Using actual size
83.0115 	EXP 	Created window1 = Window(allowGUI=True, allowStencil=True, autoLog=True, backendConf=UNKNOWN, backgroundFit=<method-wrapper '__getattribute__' of attributeSetter object at 0x000001EF4619BC10>, backgroundImage=<method-wrapper '__getattribute__' of attributeSetter object at 0x000001EF4619BBB0>, bitsMode=UNKNOWN, blendMode='avg', bpc=(8, 8, 8), color=array([-1, -1, -1]), colorSpace='rgb', depthBits=8, fullscr=<method-wrapper '__getattribute__' of attributeSetter object at 0x000001EF4619B9D0>, gamma=None, gammaErrorPolicy='raise', lms=UNKNOWN, monitor=<psychopy.monitors.calibTools.Monitor object at 0x000001EF464F3F10>, multiSample=False, name='window1', numSamples=2, pos=(0, 0), screen=0, size=array([1920, 1080]), stencilBits=8, stereo=False, title='PsychoPy', units='height', useFBO=True, useRetina=False, viewOri=0.0, viewPos=None, viewScale=None, waitBlanking=True, winType='pyglet')
83.0116 	EXP 	window1: mouseVisible = True
83.0116 	EXP 	window1: backgroundImage = ''
83.0116 	EXP 	window1: backgroundFit = 'none'
83.0140 	EXP 	window1: Attempting to measure frame rate of screen (0) ...
83.0140 	EXP 	window1: recordFrameIntervals = False
83.1778 	EXP 	window1: recordFrameIntervals = True
83.3612 	EXP 	Screen (0) actual frame rate measured at 59.98Hz
83.3613 	EXP 	window1: recordFrameIntervals = False
83.3617 	EXP 	window1: mouseVisible = False
84.8751 	EXP 	modified_stop_signal_task_lsl: status = STARTED
84.8756 	EXP 	window1: mouseVisible = True
84.9404 	EXP 	Created welcome_text = TextStim(__class__=<class 'psychopy.visual.text.TextStim'>, alignHoriz=method-wrapper(...), alignText='center', alignVert=method-wrapper(...), anchorHoriz='center', anchorVert='center', antialias=True, autoDraw=False, autoLog=True, bold=False, color=array([1., 1., 1.]), colorSpace='rgb', contrast=1.0, depth=0.0, draggable=False, flipHoriz=False, flipVert=False, font='Calibri', fontFiles=[], height=0.04, italic=False, languageStyle='LTR', name='welcome_text', opacity=1.0, ori=0.0, pos=array([0., 0.]), rgb=UNKNOWN, text=str(...), units='height', win=Window(...), wrapWidth=1)
84.9406 	EXP 	window1: mouseVisible = True
84.9667 	EXP 	Created condition_image = ImageStim(__class__=<class 'psychopy.visual.image.ImageStim'>, anchor=('center', 'center'), autoLog=True, color=array([1., 1., 1.]), colorSpace='rgb', contrast=1.0, depth=0.0, draggable=False, flipHoriz=False, flipVert=False, image='conditions.png', interpolate=True, mask=None, maskParams=None, name='condition_image', opacity=1.0, ori=0.0, pos=array([0., 0.]), size=array([0.8, 0.8]), texRes=128.0, units='height', win=Window(...))
84.9669 	EXP 	window1: mouseVisible = True
84.9687 	EXP 	Created fixation_cross_training = ShapeStim(__class__=<class 'psychopy.visual.shape.ShapeStim'>, anchor=('center', 'center'), autoDraw=False, autoLog=True, closeShape=True, color=method-wrapper(...), colorSpace='rgb', contrast=None, depth=-1.0, draggable=False, fillColor=array([1, 1, 1]), fillColorSpace='rgb', fillRGB=array([1, 1, 1]), interpolate=True, lineColor=array([1., 1., 1.]), lineColorSpace='rgb', lineRGB=array([1, 1, 1]), lineWidth=1.0, name='fixation_cross_training', opacity=1.0, ori=0.0, pos=array([0., 0.]), size=array([0.1, 0.1]), units='height', vertices=ndarray(...), win=Window(...), windingRule=None)
84.9688 	EXP 	window1: mouseVisible = True
84.9701 	EXP 	Created go_rectangle_training = Rect(__class__=<class 'psychopy.visual.rect.Rect'>, anchor=('center', 'center'), autoDraw=False, autoLog=True, closeShape=True, color=method-wrapper(...), colorSpace='rgb', contrast=None, depth=-1.0, draggable=False, fillColor=array([1, 1, 1]), fillColorSpace='rgb', fillRGB=array([1, 1, 1]), interpolate=True, lineColor=array([-1., -1., -1.]), lineColorSpace='rgb', lineRGB=array([-1, -1, -1]), lineWidth=1.0, name='go_rectangle_training', opacity=1.0, ori=1.0, pos=array([0., 0.]), size=array([1., 1.]), units='height', vertices=ndarray(...), win=Window(...))
84.9701 	EXP 	window1: mouseVisible = True
84.9714 	EXP 	Created stop_signal_triangle_training = ShapeStim(__class__=<class 'psychopy.visual.shape.ShapeStim'>, anchor=('center', 'center'), autoDraw=False, autoLog=True, closeShape=True, color=method-wrapper(...), colorSpace='rgb', contrast=None, depth=-2.0, draggable=False, fillColor=array([1, 1, 1]), fillColorSpace='rgb', fillRGB=array([1, 1, 1]), interpolate=True, lineColor=array([-1., -1., -1.]), lineColorSpace='rgb', lineRGB=array([-1, -1, -1]), lineWidth=1.0, name='stop_signal_triangle_training', opacity=1.0, ori=1.0, pos=array([0., 0.]), size=array([1., 1.]), units='height', vertices=ndarray(...), win=Window(...), windingRule=None)
84.9715 	EXP 	window1: mouseVisible = True
84.9729 	EXP 	Created no_shape_2 = ShapeStim(__class__=<class 'psychopy.visual.shape.ShapeStim'>, anchor=('center', 'center'), autoDraw=False, autoLog=True, closeShape=True, color=method-wrapper(...), colorSpace='rgb', contrast=None, depth=0.0, draggable=False, fillColor=array([-1, -1, -1]), fillColorSpace='rgb', fillRGB=array([-1, -1, -1]), interpolate=True, lineColor=array([-1., -1., -1.]), lineColorSpace='rgb', lineRGB=array([-1, -1, -1]), lineWidth=1.0, name='no_shape_2', opacity=1.0, ori=0.0, pos=array([0., 0.]), size=array([0.5, 0.5]), units='height', vertices=ndarray(...), win=Window(...), windingRule=None)
84.9730 	EXP 	window1: mouseVisible = True
84.9758 	EXP 	Created feedback_text_training = TextStim(__class__=<class 'psychopy.visual.text.TextStim'>, alignHoriz=method-wrapper(...), alignText='center', alignVert=method-wrapper(...), anchorHoriz='center', anchorVert='center', antialias=True, autoDraw=False, autoLog=True, bold=False, color=array([1., 1., 1.]), colorSpace='rgb', contrast=1.0, depth=-1.0, draggable=False, flipHoriz=False, flipVert=False, font='Open Sans', fontFiles=[], height=0.05, italic=False, languageStyle='LTR', name='feedback_text_training', opacity=1.0, ori=0.0, pos=array([0., 0.]), rgb=UNKNOWN, text='', units='height', win=Window(...), wrapWidth=1)
84.9759 	EXP 	window1: mouseVisible = True
84.9768 	EXP 	Created text_ssd = TextStim(__class__=<class 'psychopy.visual.text.TextStim'>, alignHoriz=method-wrapper(...), alignText='center', alignVert=method-wrapper(...), anchorHoriz='center', anchorVert='center', antialias=True, autoDraw=False, autoLog=True, bold=False, color=array([1., 1., 1.]), colorSpace='rgb', contrast=1.0, depth=0.0, draggable=False, flipHoriz=False, flipVert=False, font='Open Sans', fontFiles=[], height=0.05, italic=False, languageStyle='LTR', name='text_ssd', opacity=1.0, ori=0.0, pos=array([0., 0.]), rgb=UNKNOWN, text='', units='height', win=Window(...), wrapWidth=1)
84.9769 	EXP 	window1: mouseVisible = True
84.9905 	EXP 	Created text_start_task = TextStim(__class__=<class 'psychopy.visual.text.TextStim'>, alignHoriz=method-wrapper(...), alignText='center', alignVert=method-wrapper(...), anchorHoriz='center', anchorVert='center', antialias=True, autoDraw=False, autoLog=True, bold=False, color=array([1., 1., 1.]), colorSpace='rgb', contrast=1.0, depth=0.0, draggable=False, flipHoriz=False, flipVert=False, font='Open Sans', fontFiles=[], height=0.05, italic=False, languageStyle='LTR', name='text_start_task', opacity=1.0, ori=0.0, pos=array([0., 0.]), rgb=UNKNOWN, text=str(...), units='height', win=Window(...), wrapWidth=1)
84.9906 	EXP 	window1: mouseVisible = True
84.9924 	EXP 	Created fixation_cross = ShapeStim(__class__=<class 'psychopy.visual.shape.ShapeStim'>, anchor=('center', 'center'), autoDraw=False, autoLog=True, closeShape=True, color=method-wrapper(...), colorSpace='rgb', contrast=None, depth=-1.0, draggable=False, fillColor=array([1, 1, 1]), fillColorSpace='rgb', fillRGB=array([1, 1, 1]), interpolate=True, lineColor=array([1., 1., 1.]), lineColorSpace='rgb', lineRGB=array([1, 1, 1]), lineWidth=1.0, name='fixation_cross', opacity=1.0, ori=0.0, pos=array([0., 0.]), size=array([0.1, 0.1]), units='height', vertices=ndarray(...), win=Window(...), windingRule=None)
84.9933 	EXP 	window1: mouseVisible = True
84.9949 	EXP 	Created go_rectangle = Rect(__class__=<class 'psychopy.visual.rect.Rect'>, anchor=('center', 'center'), autoDraw=False, autoLog=True, closeShape=True, color=method-wrapper(...), colorSpace='rgb', contrast=None, depth=-1.0, draggable=False, fillColor=array([1, 1, 1]), fillColorSpace='rgb', fillRGB=array([1, 1, 1]), interpolate=True, lineColor=array([-1., -1., -1.]), lineColorSpace='rgb', lineRGB=array([-1, -1, -1]), lineWidth=1.0, name='go_rectangle', opacity=1.0, ori=1.0, pos=array([0., 0.]), size=array([1., 1.]), units='height', vertices=ndarray(...), win=Window(...))
84.9950 	EXP 	window1: mouseVisible = True
84.9968 	EXP 	Created stop_signal_triangle = ShapeStim(__class__=<class 'psychopy.visual.shape.ShapeStim'>, anchor=('center', 'center'), autoDraw=False, autoLog=True, closeShape=True, color=method-wrapper(...), colorSpace='rgb', contrast=None, depth=-2.0, draggable=False, fillColor=array([1, 1, 1]), fillColorSpace='rgb', fillRGB=array([1, 1, 1]), interpolate=True, lineColor=array([-1., -1., -1.]), lineColorSpace='rgb', lineRGB=array([-1, -1, -1]), lineWidth=1.0, name='stop_signal_triangle', opacity=1.0, ori=1.0, pos=array([0., 0.]), size=array([1., 1.]), units='height', vertices=ndarray(...), win=Window(...), windingRule=None)
84.9969 	EXP 	window1: mouseVisible = True
84.9983 	EXP 	Created no_shape = ShapeStim(__class__=<class 'psychopy.visual.shape.ShapeStim'>, anchor=('center', 'center'), autoDraw=False, autoLog=True, closeShape=True, color=method-wrapper(...), colorSpace='rgb', contrast=None, depth=0.0, draggable=False, fillColor=array([-1, -1, -1]), fillColorSpace='rgb', fillRGB=array([-1, -1, -1]), interpolate=True, lineColor=array([-1., -1., -1.]), lineColorSpace='rgb', lineRGB=array([-1, -1, -1]), lineWidth=1.0, name='no_shape', opacity=1.0, ori=0.0, pos=array([0., 0.]), size=array([0.5, 0.5]), units='height', vertices=ndarray(...), win=Window(...), windingRule=None)
84.9984 	EXP 	window1: mouseVisible = True
84.9993 	EXP 	Created feedback_text = TextStim(__class__=<class 'psychopy.visual.text.TextStim'>, alignHoriz=method-wrapper(...), alignText='center', alignVert=method-wrapper(...), anchorHoriz='center', anchorVert='center', antialias=True, autoDraw=False, autoLog=True, bold=False, color=array([1., 1., 1.]), colorSpace='rgb', contrast=1.0, depth=-1.0, draggable=False, flipHoriz=False, flipVert=False, font='Open Sans', fontFiles=[], height=0.05, italic=False, languageStyle='LTR', name='feedback_text', opacity=1.0, ori=0.0, pos=array([0., 0.]), rgb=UNKNOWN, text='', units='height', win=Window(...), wrapWidth=1)
84.9995 	EXP 	window1: mouseVisible = True
85.0096 	EXP 	Created break1_text = TextStim(__class__=<class 'psychopy.visual.text.TextStim'>, alignHoriz=method-wrapper(...), alignText='center', alignVert=method-wrapper(...), anchorHoriz='center', anchorVert='center', antialias=True, autoDraw=False, autoLog=True, bold=False, color=array([1., 1., 1.]), colorSpace='rgb', contrast=1.0, depth=0.0, draggable=False, flipHoriz=False, flipVert=False, font='Open Sans', fontFiles=[], height=0.05, italic=False, languageStyle='LTR', name='break1_text', opacity=1.0, ori=0.0, pos=array([0., 0.]), rgb=UNKNOWN, text=str(...), units='height', win=Window(...), wrapWidth=1)
85.0097 	EXP 	window1: mouseVisible = True
85.0151 	EXP 	Created end_text = TextStim(__class__=<class 'psychopy.visual.text.TextStim'>, alignHoriz=method-wrapper(...), alignText='center', alignVert=method-wrapper(...), anchorHoriz='center', anchorVert='center', antialias=True, autoDraw=False, autoLog=True, bold=False, color=array([1., 1., 1.]), colorSpace='rgb', contrast=1.0, depth=0.0, draggable=False, flipHoriz=False, flipVert=False, font='Open Sans', fontFiles=[], height=0.05, italic=False, languageStyle='LTR', name='end_text', opacity=1.0, ori=0.0, pos=array([0., 0.]), rgb=UNKNOWN, text=str(...), units='height', win=Window(...), wrapWidth=1)
0.0046 	EXP 	welcome_text: autoDraw = True
3.2643 	EXP 	welcome_text: autoDraw = False
3.2643 	EXP 	condition_image: autoDraw = True
4.8967 	EXP 	Created sequence: sequential, trialTypes=1, nReps=36, seed=None
4.8969 	EXP 	New trial (rep=0, index=0): None
4.9114 	EXP 	condition_image: autoDraw = False
4.9114 	EXP 	fixation_cross_training: autoDraw = True
5.4617 	EXP 	fixation_cross_training: autoDraw = False
5.4617 	EXP 	fixation_cross_training: autoDraw = False
5.4617 	EXP 	go_rectangle_training: fillColor = <psychopy.colors.Color: white, alpha=1.0>
5.4617 	EXP 	go_rectangle_training: ori = 0.0
5.4617 	EXP 	stop_signal_triangle_training: fillColor = <psychopy.colors.Color: blue, alpha=1.0>
5.4617 	EXP 	stop_signal_triangle_training: ori = 0.0
5.4617 	EXP 	go_rectangle_training: autoDraw = True
5.6448 	EXP 	stop_signal_triangle_training: autoDraw = True
5.6614 	EXP 	go_rectangle_training: autoDraw = False
6.1446 	EXP 	stop_signal_triangle_training: autoDraw = False
6.1446 	EXP 	go_rectangle_training: autoDraw = False
6.1446 	EXP 	stop_signal_triangle_training: autoDraw = False
6.1446 	EXP 	no_shape_2: autoDraw = True
7.1446 	EXP 	no_shape_2: autoDraw = False
7.1446 	EXP 	no_shape_2: autoDraw = False
7.1446 	EXP 	feedback_text_training: height = 0.05
7.1446 	EXP 	feedback_text_training: height = 0.05
7.1446 	EXP 	feedback_text_training: height = 0.05
7.1446 	EXP 	feedback_text_training: text = 'incorrect, -1 \n total = -1'
7.1446 	EXP 	feedback_text_training: autoDraw = True
8.1286 	EXP 	New trial (rep=1, index=0): None
8.1442 	EXP 	feedback_text_training: autoDraw = False
8.1442 	EXP 	feedback_text_training: autoDraw = False
8.1442 	EXP 	fixation_cross_training: autoDraw = True
8.8275 	EXP 	fixation_cross_training: autoDraw = False
8.8275 	EXP 	fixation_cross_training: autoDraw = False
8.8275 	EXP 	go_rectangle_training: fillColor = <psychopy.colors.Color: white, alpha=1.0>
8.8275 	EXP 	go_rectangle_training: ori = 0.0
8.8275 	EXP 	stop_signal_triangle_training: fillColor = <psychopy.colors.Color: white, alpha=1.0>
8.8275 	EXP 	stop_signal_triangle_training: ori = 0.0
8.8275 	EXP 	go_rectangle_training: autoDraw = True
9.0111 	EXP 	stop_signal_triangle_training: autoDraw = True
9.0276 	EXP 	go_rectangle_training: autoDraw = False
9.1279 	EXP 	go_rectangle_training: autoDraw = False
9.1279 	EXP 	stop_signal_triangle_training: autoDraw = False
9.1279 	EXP 	no_shape_2: autoDraw = True
10.1275 	EXP 	no_shape_2: autoDraw = False
10.1275 	EXP 	no_shape_2: autoDraw = False
10.1275 	EXP 	feedback_text_training: height = 0.05
10.1275 	EXP 	feedback_text_training: height = 0.05
10.1275 	EXP 	feedback_text_training: height = 0.05
10.1275 	EXP 	feedback_text_training: text = 'incorrect, -3 \n total = -4'
10.1275 	EXP 	feedback_text_training: autoDraw = True
11.1118 	EXP 	New trial (rep=2, index=0): None
11.1273 	EXP 	feedback_text_training: autoDraw = False
11.1273 	EXP 	feedback_text_training: autoDraw = False
11.1273 	EXP 	fixation_cross_training: autoDraw = True
12.4105 	EXP 	fixation_cross_training: autoDraw = False
12.4105 	EXP 	fixation_cross_training: autoDraw = False
12.4105 	EXP 	go_rectangle_training: fillColor = <psychopy.colors.Color: blue, alpha=1.0>
12.4105 	EXP 	go_rectangle_training: ori = 0.0
12.4105 	EXP 	stop_signal_triangle_training: fillColor = <psychopy.colors.Color: white, alpha=1.0>
12.4105 	EXP 	stop_signal_triangle_training: ori = 0.0
12.4105 	EXP 	go_rectangle_training: autoDraw = True
12.6771 	EXP 	go_rectangle_training: autoDraw = False
12.6771 	EXP 	stop_signal_triangle_training: autoDraw = False
12.6771 	EXP 	no_shape_2: autoDraw = True
13.6766 	EXP 	no_shape_2: autoDraw = False
13.6766 	EXP 	no_shape_2: autoDraw = False
13.6766 	EXP 	feedback_text_training: height = 0.05
13.6766 	EXP 	feedback_text_training: height = 0.05
13.6766 	EXP 	feedback_text_training: height = 0.05
13.6766 	EXP 	feedback_text_training: text = 'correct, +1 \n total = -3'
13.6766 	EXP 	feedback_text_training: autoDraw = True
14.6611 	EXP 	New trial (rep=3, index=0): None
14.6768 	EXP 	feedback_text_training: autoDraw = False
14.6768 	EXP 	feedback_text_training: autoDraw = False
14.6768 	EXP 	fixation_cross_training: autoDraw = True
15.6767 	EXP 	fixation_cross_training: autoDraw = False
15.6767 	EXP 	fixation_cross_training: autoDraw = False
15.6767 	EXP 	go_rectangle_training: fillColor = <psychopy.colors.Color: white, alpha=1.0>
15.6767 	EXP 	go_rectangle_training: ori = 0.0
15.6767 	EXP 	stop_signal_triangle_training: fillColor = <psychopy.colors.Color: white, alpha=1.0>
15.6767 	EXP 	stop_signal_triangle_training: ori = 0.0
15.6767 	EXP 	go_rectangle_training: autoDraw = True
15.9765 	EXP 	go_rectangle_training: autoDraw = False
15.9765 	EXP 	stop_signal_triangle_training: autoDraw = False
15.9765 	EXP 	no_shape_2: autoDraw = True
16.9764 	EXP 	no_shape_2: autoDraw = False
16.9764 	EXP 	no_shape_2: autoDraw = False
16.9764 	EXP 	feedback_text_training: height = 0.05
16.9764 	EXP 	feedback_text_training: height = 0.05
16.9764 	EXP 	feedback_text_training: height = 0.05
16.9764 	EXP 	feedback_text_training: text = 'correct, +1 \n total = -2'
16.9764 	EXP 	feedback_text_training: autoDraw = True
17.9609 	EXP 	New trial (rep=4, index=0): None
17.9762 	EXP 	feedback_text_training: autoDraw = False
17.9762 	EXP 	feedback_text_training: autoDraw = False
17.9762 	EXP 	fixation_cross_training: autoDraw = True
18.7261 	EXP 	fixation_cross_training: autoDraw = False
18.7261 	EXP 	fixation_cross_training: autoDraw = False
18.7261 	EXP 	go_rectangle_training: fillColor = <psychopy.colors.Color: blue, alpha=1.0>
18.7261 	EXP 	go_rectangle_training: ori = 0.0
18.7261 	EXP 	stop_signal_triangle_training: fillColor = <psychopy.colors.Color: white, alpha=1.0>
18.7261 	EXP 	stop_signal_triangle_training: ori = 0.0
18.7261 	EXP 	go_rectangle_training: autoDraw = True
19.0928 	EXP 	go_rectangle_training: autoDraw = False
19.0928 	EXP 	stop_signal_triangle_training: autoDraw = False
19.0928 	EXP 	no_shape_2: autoDraw = True
20.0927 	EXP 	no_shape_2: autoDraw = False
20.0927 	EXP 	no_shape_2: autoDraw = False
20.0927 	EXP 	feedback_text_training: height = 0.05
20.0927 	EXP 	feedback_text_training: height = 0.05
20.0927 	EXP 	feedback_text_training: height = 0.05
20.0927 	EXP 	feedback_text_training: text = 'correct, +1 \n total = -1'
20.0927 	EXP 	feedback_text_training: autoDraw = True
21.0766 	EXP 	New trial (rep=5, index=0): None
21.0925 	EXP 	feedback_text_training: autoDraw = False
21.0925 	EXP 	feedback_text_training: autoDraw = False
21.0925 	EXP 	fixation_cross_training: autoDraw = True
22.3428 	EXP 	fixation_cross_training: autoDraw = False
22.3428 	EXP 	fixation_cross_training: autoDraw = False
22.3428 	EXP 	go_rectangle_training: fillColor = <psychopy.colors.Color: white, alpha=1.0>
22.3428 	EXP 	go_rectangle_training: ori = 0.0
22.3428 	EXP 	stop_signal_triangle_training: fillColor = <psychopy.colors.Color: white, alpha=1.0>
22.3428 	EXP 	stop_signal_triangle_training: ori = 0.0
22.3428 	EXP 	go_rectangle_training: autoDraw = True
22.5922 	EXP 	go_rectangle_training: autoDraw = False
22.5922 	EXP 	stop_signal_triangle_training: autoDraw = False
22.5922 	EXP 	no_shape_2: autoDraw = True
23.5920 	EXP 	no_shape_2: autoDraw = False
23.5920 	EXP 	no_shape_2: autoDraw = False
23.5920 	EXP 	feedback_text_training: height = 0.05
23.5920 	EXP 	feedback_text_training: height = 0.05
23.5920 	EXP 	feedback_text_training: height = 0.05
23.5920 	EXP 	feedback_text_training: text = 'correct, +1 \n total = 0'
23.5920 	EXP 	feedback_text_training: autoDraw = True
24.5765 	EXP 	New trial (rep=6, index=0): None
24.5918 	EXP 	feedback_text_training: autoDraw = False
24.5918 	EXP 	feedback_text_training: autoDraw = False
24.5918 	EXP 	fixation_cross_training: autoDraw = True
25.1086 	EXP 	fixation_cross_training: autoDraw = False
25.1086 	EXP 	fixation_cross_training: autoDraw = False
25.1086 	EXP 	go_rectangle_training: fillColor = <psychopy.colors.Color: white, alpha=1.0>
25.1086 	EXP 	go_rectangle_training: ori = 0.0
25.1086 	EXP 	stop_signal_triangle_training: fillColor = <psychopy.colors.Color: white, alpha=1.0>
25.1086 	EXP 	stop_signal_triangle_training: ori = 0.0
25.1086 	EXP 	go_rectangle_training: autoDraw = True
25.4753 	EXP 	go_rectangle_training: autoDraw = False
25.4753 	EXP 	stop_signal_triangle_training: autoDraw = False
25.4753 	EXP 	no_shape_2: autoDraw = True
26.4756 	EXP 	no_shape_2: autoDraw = False
26.4756 	EXP 	no_shape_2: autoDraw = False
26.4756 	EXP 	feedback_text_training: height = 0.05
26.4756 	EXP 	feedback_text_training: height = 0.05
26.4756 	EXP 	feedback_text_training: height = 0.05
26.4756 	EXP 	feedback_text_training: text = 'correct, +1 \n total = 1'
26.4756 	EXP 	feedback_text_training: autoDraw = True
27.4590 	EXP 	New trial (rep=7, index=0): None
27.4748 	EXP 	feedback_text_training: autoDraw = False
27.4748 	EXP 	feedback_text_training: autoDraw = False
27.4748 	EXP 	fixation_cross_training: autoDraw = True
28.0584 	EXP 	fixation_cross_training: autoDraw = False
28.0584 	EXP 	fixation_cross_training: autoDraw = False
28.0584 	EXP 	go_rectangle_training: fillColor = <psychopy.colors.Color: blue, alpha=1.0>
28.0584 	EXP 	go_rectangle_training: ori = 0.0
28.0584 	EXP 	stop_signal_triangle_training: fillColor = <psychopy.colors.Color: white, alpha=1.0>
28.0584 	EXP 	stop_signal_triangle_training: ori = 0.0
28.0584 	EXP 	go_rectangle_training: autoDraw = True
28.3581 	EXP 	go_rectangle_training: autoDraw = False
28.3581 	EXP 	stop_signal_triangle_training: autoDraw = False
28.3581 	EXP 	no_shape_2: autoDraw = True
29.3579 	EXP 	no_shape_2: autoDraw = False
29.3579 	EXP 	no_shape_2: autoDraw = False
29.3579 	EXP 	feedback_text_training: height = 0.05
29.3579 	EXP 	feedback_text_training: height = 0.05
29.3579 	EXP 	feedback_text_training: height = 0.05
29.3579 	EXP 	feedback_text_training: text = 'correct, +1 \n total = 2'
29.3579 	EXP 	feedback_text_training: autoDraw = True
30.3420 	EXP 	New trial (rep=8, index=0): None
30.3577 	EXP 	feedback_text_training: autoDraw = False
30.3577 	EXP 	feedback_text_training: autoDraw = False
30.3577 	EXP 	fixation_cross_training: autoDraw = True
31.7409 	EXP 	fixation_cross_training: autoDraw = False
31.7409 	EXP 	fixation_cross_training: autoDraw = False
31.7409 	EXP 	go_rectangle_training: fillColor = <psychopy.colors.Color: white, alpha=1.0>
31.7409 	EXP 	go_rectangle_training: ori = 0.0
31.7409 	EXP 	stop_signal_triangle_training: fillColor = <psychopy.colors.Color: white, alpha=1.0>
31.7409 	EXP 	stop_signal_triangle_training: ori = 0.0
31.7409 	EXP 	go_rectangle_training: autoDraw = True
31.8743 	EXP 	stop_signal_triangle_training: autoDraw = True
31.8911 	EXP 	go_rectangle_training: autoDraw = False
32.3743 	EXP 	stop_signal_triangle_training: autoDraw = False
32.3743 	EXP 	go_rectangle_training: autoDraw = False
32.3743 	EXP 	stop_signal_triangle_training: autoDraw = False
32.3743 	EXP 	no_shape_2: autoDraw = True
33.3741 	EXP 	no_shape_2: autoDraw = False
33.3741 	EXP 	no_shape_2: autoDraw = False
33.3741 	EXP 	feedback_text_training: height = 0.05
33.3741 	EXP 	feedback_text_training: height = 0.05
33.3741 	EXP 	feedback_text_training: height = 0.05
33.3741 	EXP 	feedback_text_training: text = 'correct, +3 \n total = 5'
33.3741 	EXP 	feedback_text_training: autoDraw = True
34.3582 	EXP 	New trial (rep=9, index=0): None
34.3738 	EXP 	feedback_text_training: autoDraw = False
34.3738 	EXP 	feedback_text_training: autoDraw = False
34.3738 	EXP 	fixation_cross_training: autoDraw = True
35.7238 	EXP 	fixation_cross_training: autoDraw = False
35.7238 	EXP 	fixation_cross_training: autoDraw = False
35.7238 	EXP 	go_rectangle_training: fillColor = <psychopy.colors.Color: white, alpha=1.0>
35.7238 	EXP 	go_rectangle_training: ori = 0.0
35.7238 	EXP 	stop_signal_triangle_training: fillColor = <psychopy.colors.Color: blue, alpha=1.0>
35.7238 	EXP 	stop_signal_triangle_training: ori = 0.0
35.7238 	EXP 	go_rectangle_training: autoDraw = True
35.8571 	EXP 	stop_signal_triangle_training: autoDraw = True
35.8738 	EXP 	go_rectangle_training: autoDraw = False
35.9902 	EXP 	go_rectangle_training: autoDraw = False
35.9902 	EXP 	stop_signal_triangle_training: autoDraw = False
35.9902 	EXP 	no_shape_2: autoDraw = True
36.9903 	EXP 	no_shape_2: autoDraw = False
36.9903 	EXP 	no_shape_2: autoDraw = False
36.9903 	EXP 	feedback_text_training: height = 0.05
36.9903 	EXP 	feedback_text_training: height = 0.05
36.9903 	EXP 	feedback_text_training: height = 0.05
36.9903 	EXP 	feedback_text_training: text = 'correct, +1 \n total = 6'
36.9903 	EXP 	feedback_text_training: autoDraw = True
37.9741 	EXP 	New trial (rep=10, index=0): None
37.9899 	EXP 	feedback_text_training: autoDraw = False
37.9899 	EXP 	feedback_text_training: autoDraw = False
37.9899 	EXP 	fixation_cross_training: autoDraw = True
39.0067 	EXP 	fixation_cross_training: autoDraw = False
39.0067 	EXP 	fixation_cross_training: autoDraw = False
39.0067 	EXP 	go_rectangle_training: fillColor = <psychopy.colors.Color: blue, alpha=1.0>
39.0067 	EXP 	go_rectangle_training: ori = 0.0
39.0067 	EXP 	stop_signal_triangle_training: fillColor = <psychopy.colors.Color: white, alpha=1.0>
39.0067 	EXP 	stop_signal_triangle_training: ori = 0.0
39.0067 	EXP 	go_rectangle_training: autoDraw = True
39.5065 	EXP 	go_rectangle_training: autoDraw = False
39.5065 	EXP 	stop_signal_triangle_training: autoDraw = False
39.5065 	EXP 	no_shape_2: autoDraw = True
40.5064 	EXP 	no_shape_2: autoDraw = False
40.5064 	EXP 	no_shape_2: autoDraw = False
40.5064 	EXP 	feedback_text_training: height = 0.05
40.5064 	EXP 	feedback_text_training: height = 0.05
40.5064 	EXP 	feedback_text_training: height = 0.05
40.5064 	EXP 	feedback_text_training: text = 'correct, +1 \n total = 7'
40.5064 	EXP 	feedback_text_training: autoDraw = True
41.4911 	EXP 	New trial (rep=11, index=0): None
41.5063 	EXP 	feedback_text_training: autoDraw = False
41.5063 	EXP 	feedback_text_training: autoDraw = False
41.5063 	EXP 	fixation_cross_training: autoDraw = True
42.1894 	EXP 	fixation_cross_training: autoDraw = False
42.1894 	EXP 	fixation_cross_training: autoDraw = False
42.1894 	EXP 	go_rectangle_training: fillColor = <psychopy.colors.Color: white, alpha=1.0>
42.1894 	EXP 	go_rectangle_training: ori = 0.0
42.1894 	EXP 	stop_signal_triangle_training: fillColor = <psychopy.colors.Color: white, alpha=1.0>
42.1894 	EXP 	stop_signal_triangle_training: ori = 0.0
42.1894 	EXP 	go_rectangle_training: autoDraw = True
42.6561 	EXP 	go_rectangle_training: autoDraw = False
42.6561 	EXP 	stop_signal_triangle_training: autoDraw = False
42.6561 	EXP 	no_shape_2: autoDraw = True
43.6559 	EXP 	no_shape_2: autoDraw = False
43.6559 	EXP 	no_shape_2: autoDraw = False
43.6559 	EXP 	feedback_text_training: height = 0.05
43.6559 	EXP 	feedback_text_training: height = 0.05
43.6559 	EXP 	feedback_text_training: height = 0.05
43.6559 	EXP 	feedback_text_training: text = 'correct, +1 \n total = 8'
43.6559 	EXP 	feedback_text_training: autoDraw = True
44.6399 	EXP 	New trial (rep=12, index=0): None
44.6558 	EXP 	feedback_text_training: autoDraw = False
44.6558 	EXP 	feedback_text_training: autoDraw = False
44.6558 	EXP 	fixation_cross_training: autoDraw = True
45.3058 	EXP 	fixation_cross_training: autoDraw = False
45.3058 	EXP 	fixation_cross_training: autoDraw = False
45.3058 	EXP 	go_rectangle_training: fillColor = <psychopy.colors.Color: white, alpha=1.0>
45.3058 	EXP 	go_rectangle_training: ori = 0.0
45.3058 	EXP 	stop_signal_triangle_training: fillColor = <psychopy.colors.Color: white, alpha=1.0>
45.3058 	EXP 	stop_signal_triangle_training: ori = 0.0
45.3058 	EXP 	go_rectangle_training: autoDraw = True
45.7722 	EXP 	go_rectangle_training: autoDraw = False
45.7722 	EXP 	stop_signal_triangle_training: autoDraw = False
45.7722 	EXP 	no_shape_2: autoDraw = True
46.7718 	EXP 	no_shape_2: autoDraw = False
46.7718 	EXP 	no_shape_2: autoDraw = False
46.7718 	EXP 	feedback_text_training: height = 0.05
46.7718 	EXP 	feedback_text_training: height = 0.05
46.7718 	EXP 	feedback_text_training: height = 0.05
46.7718 	EXP 	feedback_text_training: text = 'correct, +1 \n total = 9'
46.7718 	EXP 	feedback_text_training: autoDraw = True
47.7561 	EXP 	New trial (rep=13, index=0): None
47.7717 	EXP 	feedback_text_training: autoDraw = False
47.7717 	EXP 	feedback_text_training: autoDraw = False
47.7717 	EXP 	fixation_cross_training: autoDraw = True
48.7217 	EXP 	fixation_cross_training: autoDraw = False
48.7217 	EXP 	fixation_cross_training: autoDraw = False
48.7217 	EXP 	go_rectangle_training: fillColor = <psychopy.colors.Color: blue, alpha=1.0>
48.7217 	EXP 	go_rectangle_training: ori = 0.0
48.7217 	EXP 	stop_signal_triangle_training: fillColor = <psychopy.colors.Color: white, alpha=1.0>
48.7217 	EXP 	stop_signal_triangle_training: ori = 0.0
48.7217 	EXP 	go_rectangle_training: autoDraw = True
49.0384 	EXP 	go_rectangle_training: autoDraw = False
49.0384 	EXP 	stop_signal_triangle_training: autoDraw = False
49.0384 	EXP 	no_shape_2: autoDraw = True
50.0381 	EXP 	no_shape_2: autoDraw = False
50.0381 	EXP 	no_shape_2: autoDraw = False
50.0381 	EXP 	feedback_text_training: height = 0.05
50.0381 	EXP 	feedback_text_training: height = 0.05
50.0381 	EXP 	feedback_text_training: height = 0.05
50.0381 	EXP 	feedback_text_training: text = 'correct, +1 \n total = 10'
50.0381 	EXP 	feedback_text_training: autoDraw = True
51.0227 	EXP 	New trial (rep=14, index=0): None
51.0381 	EXP 	feedback_text_training: autoDraw = False
51.0381 	EXP 	feedback_text_training: autoDraw = False
51.0381 	EXP 	fixation_cross_training: autoDraw = True
52.5379 	EXP 	fixation_cross_training: autoDraw = False
52.5379 	EXP 	fixation_cross_training: autoDraw = False
52.5379 	EXP 	go_rectangle_training: fillColor = <psychopy.colors.Color: blue, alpha=1.0>
52.5379 	EXP 	go_rectangle_training: ori = 0.0
52.5379 	EXP 	stop_signal_triangle_training: fillColor = <psychopy.colors.Color: white, alpha=1.0>
52.5379 	EXP 	stop_signal_triangle_training: ori = 0.0
52.5379 	EXP 	go_rectangle_training: autoDraw = True
52.8045 	EXP 	go_rectangle_training: autoDraw = False
52.8045 	EXP 	stop_signal_triangle_training: autoDraw = False
52.8045 	EXP 	no_shape_2: autoDraw = True
53.8045 	EXP 	no_shape_2: autoDraw = False
53.8045 	EXP 	no_shape_2: autoDraw = False
53.8045 	EXP 	feedback_text_training: height = 0.05
53.8045 	EXP 	feedback_text_training: height = 0.05
53.8045 	EXP 	feedback_text_training: height = 0.05
53.8045 	EXP 	feedback_text_training: text = 'correct, +1 \n total = 11'
53.8045 	EXP 	feedback_text_training: autoDraw = True
54.7884 	EXP 	New trial (rep=15, index=0): None
54.8042 	EXP 	feedback_text_training: autoDraw = False
54.8042 	EXP 	feedback_text_training: autoDraw = False
54.8042 	EXP 	fixation_cross_training: autoDraw = True
55.8044 	EXP 	fixation_cross_training: autoDraw = False
55.8044 	EXP 	fixation_cross_training: autoDraw = False
55.8044 	EXP 	go_rectangle_training: fillColor = <psychopy.colors.Color: white, alpha=1.0>
55.8044 	EXP 	go_rectangle_training: ori = 0.0
55.8044 	EXP 	stop_signal_triangle_training: fillColor = <psychopy.colors.Color: white, alpha=1.0>
55.8044 	EXP 	stop_signal_triangle_training: ori = 0.0
55.8044 	EXP 	go_rectangle_training: autoDraw = True
56.7878 	EXP 	go_rectangle_training: autoDraw = False
56.7878 	EXP 	stop_signal_triangle_training: autoDraw = False
56.7878 	EXP 	no_shape_2: autoDraw = True
57.7872 	EXP 	no_shape_2: autoDraw = False
57.7872 	EXP 	no_shape_2: autoDraw = False
57.7872 	EXP 	feedback_text_training: height = 0.05
57.7872 	EXP 	feedback_text_training: height = 0.05
57.7872 	EXP 	feedback_text_training: height = 0.05
57.7872 	EXP 	feedback_text_training: text = 'incorrect, -1 \n total = 10'
57.7872 	EXP 	feedback_text_training: autoDraw = True
58.7714 	EXP 	New trial (rep=16, index=0): None
58.7871 	EXP 	feedback_text_training: autoDraw = False
58.7871 	EXP 	feedback_text_training: autoDraw = False
58.7871 	EXP 	fixation_cross_training: autoDraw = True
59.4370 	EXP 	fixation_cross_training: autoDraw = False
59.4370 	EXP 	fixation_cross_training: autoDraw = False
59.4370 	EXP 	go_rectangle_training: fillColor = <psychopy.colors.Color: white, alpha=1.0>
59.4370 	EXP 	go_rectangle_training: ori = 0.0
59.4370 	EXP 	stop_signal_triangle_training: fillColor = <psychopy.colors.Color: white, alpha=1.0>
59.4370 	EXP 	stop_signal_triangle_training: ori = 0.0
59.4370 	EXP 	go_rectangle_training: autoDraw = True
59.6368 	EXP 	go_rectangle_training: autoDraw = False
59.6368 	EXP 	stop_signal_triangle_training: autoDraw = True
59.7369 	EXP 	go_rectangle_training: autoDraw = False
59.7369 	EXP 	stop_signal_triangle_training: autoDraw = False
59.7369 	EXP 	no_shape_2: autoDraw = True
60.7366 	EXP 	no_shape_2: autoDraw = False
60.7366 	EXP 	no_shape_2: autoDraw = False
60.7366 	EXP 	feedback_text_training: height = 0.05
60.7366 	EXP 	feedback_text_training: height = 0.05
60.7366 	EXP 	feedback_text_training: height = 0.05
60.7366 	EXP 	feedback_text_training: text = 'incorrect, -3 \n total = 7'
60.7366 	EXP 	feedback_text_training: autoDraw = True
61.7207 	EXP 	New trial (rep=17, index=0): None
61.7370 	EXP 	feedback_text_training: autoDraw = False
61.7370 	EXP 	feedback_text_training: autoDraw = False
61.7370 	EXP 	fixation_cross_training: autoDraw = True
63.2031 	EXP 	fixation_cross_training: autoDraw = False
63.2031 	EXP 	fixation_cross_training: autoDraw = False
63.2031 	EXP 	go_rectangle_training: fillColor = <psychopy.colors.Color: white, alpha=1.0>
63.2031 	EXP 	go_rectangle_training: ori = 0.0
63.2031 	EXP 	stop_signal_triangle_training: fillColor = <psychopy.colors.Color: blue, alpha=1.0>
63.2031 	EXP 	stop_signal_triangle_training: ori = 0.0
63.2031 	EXP 	go_rectangle_training: autoDraw = True
63.3865 	EXP 	stop_signal_triangle_training: autoDraw = True
63.4032 	EXP 	go_rectangle_training: autoDraw = False
63.4364 	EXP 	go_rectangle_training: autoDraw = False
63.4364 	EXP 	stop_signal_triangle_training: autoDraw = False
63.4364 	EXP 	no_shape_2: autoDraw = True
64.4361 	EXP 	no_shape_2: autoDraw = False
64.4361 	EXP 	no_shape_2: autoDraw = False
64.4361 	EXP 	feedback_text_training: height = 0.05
64.4361 	EXP 	feedback_text_training: height = 0.05
64.4361 	EXP 	feedback_text_training: height = 0.05
64.4361 	EXP 	feedback_text_training: text = 'correct, +1 \n total = 8'
64.4361 	EXP 	feedback_text_training: autoDraw = True
65.4203 	EXP 	New trial (rep=18, index=0): None
65.4361 	EXP 	feedback_text_training: autoDraw = False
65.4361 	EXP 	feedback_text_training: autoDraw = False
65.4361 	EXP 	fixation_cross_training: autoDraw = True
66.9026 	EXP 	fixation_cross_training: autoDraw = False
66.9026 	EXP 	fixation_cross_training: autoDraw = False
66.9026 	EXP 	go_rectangle_training: fillColor = <psychopy.colors.Color: white, alpha=1.0>
66.9026 	EXP 	go_rectangle_training: ori = 0.0
66.9026 	EXP 	stop_signal_triangle_training: fillColor = <psychopy.colors.Color: white, alpha=1.0>
66.9026 	EXP 	stop_signal_triangle_training: ori = 0.0
66.9026 	EXP 	go_rectangle_training: autoDraw = True
67.2191 	EXP 	go_rectangle_training: autoDraw = False
67.2191 	EXP 	stop_signal_triangle_training: autoDraw = False
67.2191 	EXP 	no_shape_2: autoDraw = True
68.2188 	EXP 	no_shape_2: autoDraw = False
68.2188 	EXP 	no_shape_2: autoDraw = False
68.2188 	EXP 	feedback_text_training: height = 0.05
68.2188 	EXP 	feedback_text_training: height = 0.05
68.2188 	EXP 	feedback_text_training: height = 0.05
68.2188 	EXP 	feedback_text_training: text = 'correct, +1 \n total = 9'
68.2188 	EXP 	feedback_text_training: autoDraw = True
69.2030 	EXP 	New trial (rep=19, index=0): None
69.2187 	EXP 	feedback_text_training: autoDraw = False
69.2187 	EXP 	feedback_text_training: autoDraw = False
69.2187 	EXP 	fixation_cross_training: autoDraw = True
70.4354 	EXP 	fixation_cross_training: autoDraw = False
70.4354 	EXP 	fixation_cross_training: autoDraw = False
70.4354 	EXP 	go_rectangle_training: fillColor = <psychopy.colors.Color: blue, alpha=1.0>
70.4354 	EXP 	go_rectangle_training: ori = 0.0
70.4354 	EXP 	stop_signal_triangle_training: fillColor = <psychopy.colors.Color: white, alpha=1.0>
70.4354 	EXP 	stop_signal_triangle_training: ori = 0.0
70.4354 	EXP 	go_rectangle_training: autoDraw = True
70.7021 	EXP 	go_rectangle_training: autoDraw = False
70.7021 	EXP 	stop_signal_triangle_training: autoDraw = False
70.7021 	EXP 	no_shape_2: autoDraw = True
71.7019 	EXP 	no_shape_2: autoDraw = False
71.7019 	EXP 	no_shape_2: autoDraw = False
71.7019 	EXP 	feedback_text_training: height = 0.05
71.7019 	EXP 	feedback_text_training: height = 0.05
71.7019 	EXP 	feedback_text_training: height = 0.05
71.7019 	EXP 	feedback_text_training: text = 'correct, +1 \n total = 10'
71.7019 	EXP 	feedback_text_training: autoDraw = True
72.6858 	EXP 	New trial (rep=20, index=0): None
72.7015 	EXP 	feedback_text_training: autoDraw = False
72.7015 	EXP 	feedback_text_training: autoDraw = False
72.7015 	EXP 	fixation_cross_training: autoDraw = True
74.0516 	EXP 	fixation_cross_training: autoDraw = False
74.0516 	EXP 	fixation_cross_training: autoDraw = False
74.0516 	EXP 	go_rectangle_training: fillColor = <psychopy.colors.Color: white, alpha=1.0>
74.0516 	EXP 	go_rectangle_training: ori = 0.0
74.0516 	EXP 	stop_signal_triangle_training: fillColor = <psychopy.colors.Color: white, alpha=1.0>
74.0516 	EXP 	stop_signal_triangle_training: ori = 0.0
74.0516 	EXP 	go_rectangle_training: autoDraw = True
74.1849 	EXP 	stop_signal_triangle_training: autoDraw = True
74.2015 	EXP 	go_rectangle_training: autoDraw = False
74.3017 	EXP 	go_rectangle_training: autoDraw = False
74.3017 	EXP 	stop_signal_triangle_training: autoDraw = False
74.3017 	EXP 	no_shape_2: autoDraw = True
75.3012 	EXP 	no_shape_2: autoDraw = False
75.3012 	EXP 	no_shape_2: autoDraw = False
75.3012 	EXP 	feedback_text_training: height = 0.05
75.3012 	EXP 	feedback_text_training: height = 0.05
75.3012 	EXP 	feedback_text_training: height = 0.05
75.3012 	EXP 	feedback_text_training: text = 'incorrect, -3 \n total = 7'
75.3012 	EXP 	feedback_text_training: autoDraw = True
76.2855 	EXP 	New trial (rep=21, index=0): None
76.3015 	EXP 	feedback_text_training: autoDraw = False
76.3015 	EXP 	feedback_text_training: autoDraw = False
76.3015 	EXP 	fixation_cross_training: autoDraw = True
77.5842 	EXP 	fixation_cross_training: autoDraw = False
77.5842 	EXP 	fixation_cross_training: autoDraw = False
77.5842 	EXP 	go_rectangle_training: fillColor = <psychopy.colors.Color: blue, alpha=1.0>
77.5842 	EXP 	go_rectangle_training: ori = 0.0
77.5842 	EXP 	stop_signal_triangle_training: fillColor = <psychopy.colors.Color: white, alpha=1.0>
77.5842 	EXP 	stop_signal_triangle_training: ori = 0.0
77.5842 	EXP 	go_rectangle_training: autoDraw = True
77.8177 	EXP 	go_rectangle_training: autoDraw = False
77.8177 	EXP 	stop_signal_triangle_training: autoDraw = False
77.8177 	EXP 	no_shape_2: autoDraw = True
78.8178 	EXP 	no_shape_2: autoDraw = False
78.8178 	EXP 	no_shape_2: autoDraw = False
78.8178 	EXP 	feedback_text_training: height = 0.05
78.8178 	EXP 	feedback_text_training: height = 0.05
78.8178 	EXP 	feedback_text_training: height = 0.05
78.8178 	EXP 	feedback_text_training: text = 'correct, +1 \n total = 8'
78.8178 	EXP 	feedback_text_training: autoDraw = True
79.8015 	EXP 	New trial (rep=22, index=0): None
79.8171 	EXP 	feedback_text_training: autoDraw = False
79.8171 	EXP 	feedback_text_training: autoDraw = False
79.8171 	EXP 	fixation_cross_training: autoDraw = True
80.7671 	EXP 	fixation_cross_training: autoDraw = False
80.7671 	EXP 	fixation_cross_training: autoDraw = False
80.7671 	EXP 	go_rectangle_training: fillColor = <psychopy.colors.Color: white, alpha=1.0>
80.7671 	EXP 	go_rectangle_training: ori = 0.0
80.7671 	EXP 	stop_signal_triangle_training: fillColor = <psychopy.colors.Color: blue, alpha=1.0>
80.7671 	EXP 	stop_signal_triangle_training: ori = 0.0
80.7671 	EXP 	go_rectangle_training: autoDraw = True
80.9006 	EXP 	stop_signal_triangle_training: autoDraw = True
80.9170 	EXP 	go_rectangle_training: autoDraw = False
81.1170 	EXP 	go_rectangle_training: autoDraw = False
81.1170 	EXP 	stop_signal_triangle_training: autoDraw = False
81.1170 	EXP 	no_shape_2: autoDraw = True
82.1168 	EXP 	no_shape_2: autoDraw = False
82.1168 	EXP 	no_shape_2: autoDraw = False
82.1168 	EXP 	feedback_text_training: height = 0.05
82.1168 	EXP 	feedback_text_training: height = 0.05
82.1168 	EXP 	feedback_text_training: height = 0.05
82.1168 	EXP 	feedback_text_training: text = 'correct, +1 \n total = 9'
82.1168 	EXP 	feedback_text_training: autoDraw = True
83.1011 	EXP 	New trial (rep=23, index=0): None
83.1166 	EXP 	feedback_text_training: autoDraw = False
83.1166 	EXP 	feedback_text_training: autoDraw = False
83.1166 	EXP 	fixation_cross_training: autoDraw = True
83.8833 	EXP 	fixation_cross_training: autoDraw = False
83.8833 	EXP 	fixation_cross_training: autoDraw = False
83.8833 	EXP 	go_rectangle_training: fillColor = <psychopy.colors.Color: white, alpha=1.0>
83.8833 	EXP 	go_rectangle_training: ori = 0.0
83.8833 	EXP 	stop_signal_triangle_training: fillColor = <psychopy.colors.Color: white, alpha=1.0>
83.8833 	EXP 	stop_signal_triangle_training: ori = 0.0
83.8833 	EXP 	go_rectangle_training: autoDraw = True
84.8668 	EXP 	go_rectangle_training: autoDraw = False
84.8668 	EXP 	stop_signal_triangle_training: autoDraw = False
84.8668 	EXP 	no_shape_2: autoDraw = True
85.8662 	EXP 	no_shape_2: autoDraw = False
85.8662 	EXP 	no_shape_2: autoDraw = False
85.8662 	EXP 	feedback_text_training: height = 0.05
85.8662 	EXP 	feedback_text_training: height = 0.05
85.8662 	EXP 	feedback_text_training: height = 0.05
85.8662 	EXP 	feedback_text_training: text = 'incorrect, -1 \n total = 8'
85.8662 	EXP 	feedback_text_training: autoDraw = True
86.8509 	EXP 	New trial (rep=24, index=0): None
86.8662 	EXP 	feedback_text_training: autoDraw = False
86.8662 	EXP 	feedback_text_training: autoDraw = False
86.8662 	EXP 	fixation_cross_training: autoDraw = True
87.4662 	EXP 	fixation_cross_training: autoDraw = False
87.4662 	EXP 	fixation_cross_training: autoDraw = False
87.4662 	EXP 	go_rectangle_training: fillColor = <psychopy.colors.Color: blue, alpha=1.0>
87.4662 	EXP 	go_rectangle_training: ori = 0.0
87.4662 	EXP 	stop_signal_triangle_training: fillColor = <psychopy.colors.Color: white, alpha=1.0>
87.4662 	EXP 	stop_signal_triangle_training: ori = 0.0
87.4662 	EXP 	go_rectangle_training: autoDraw = True
87.7329 	EXP 	go_rectangle_training: autoDraw = False
87.7329 	EXP 	stop_signal_triangle_training: autoDraw = False
87.7329 	EXP 	no_shape_2: autoDraw = True
88.7327 	EXP 	no_shape_2: autoDraw = False
88.7327 	EXP 	no_shape_2: autoDraw = False
88.7327 	EXP 	feedback_text_training: height = 0.05
88.7327 	EXP 	feedback_text_training: height = 0.05
88.7327 	EXP 	feedback_text_training: height = 0.05
88.7327 	EXP 	feedback_text_training: text = 'correct, +1 \n total = 9'
88.7327 	EXP 	feedback_text_training: autoDraw = True
89.7166 	EXP 	New trial (rep=25, index=0): None
89.7329 	EXP 	feedback_text_training: autoDraw = False
89.7329 	EXP 	feedback_text_training: autoDraw = False
89.7329 	EXP 	fixation_cross_training: autoDraw = True
91.2325 	EXP 	fixation_cross_training: autoDraw = False
91.2325 	EXP 	fixation_cross_training: autoDraw = False
91.2325 	EXP 	go_rectangle_training: fillColor = <psychopy.colors.Color: white, alpha=1.0>
91.2325 	EXP 	go_rectangle_training: ori = 0.0
91.2325 	EXP 	stop_signal_triangle_training: fillColor = <psychopy.colors.Color: white, alpha=1.0>
91.2325 	EXP 	stop_signal_triangle_training: ori = 0.0
91.2325 	EXP 	go_rectangle_training: autoDraw = True
91.4656 	EXP 	go_rectangle_training: autoDraw = False
91.4656 	EXP 	stop_signal_triangle_training: autoDraw = False
91.4656 	EXP 	no_shape_2: autoDraw = True
92.4653 	EXP 	no_shape_2: autoDraw = False
92.4653 	EXP 	no_shape_2: autoDraw = False
92.4653 	EXP 	feedback_text_training: height = 0.05
92.4653 	EXP 	feedback_text_training: height = 0.05
92.4653 	EXP 	feedback_text_training: height = 0.05
92.4653 	EXP 	feedback_text_training: text = 'correct, +1 \n total = 10'
92.4653 	EXP 	feedback_text_training: autoDraw = True
93.4496 	EXP 	New trial (rep=26, index=0): None
93.4657 	EXP 	feedback_text_training: autoDraw = False
93.4657 	EXP 	feedback_text_training: autoDraw = False
93.4657 	EXP 	fixation_cross_training: autoDraw = True
94.6318 	EXP 	fixation_cross_training: autoDraw = False
94.6318 	EXP 	fixation_cross_training: autoDraw = False
94.6318 	EXP 	go_rectangle_training: fillColor = <psychopy.colors.Color: white, alpha=1.0>
94.6318 	EXP 	go_rectangle_training: ori = 0.0
94.6318 	EXP 	stop_signal_triangle_training: fillColor = <psychopy.colors.Color: white, alpha=1.0>
94.6318 	EXP 	stop_signal_triangle_training: ori = 0.0
94.6318 	EXP 	go_rectangle_training: autoDraw = True
94.9150 	EXP 	go_rectangle_training: autoDraw = False
94.9150 	EXP 	stop_signal_triangle_training: autoDraw = False
94.9150 	EXP 	no_shape_2: autoDraw = True
95.9150 	EXP 	no_shape_2: autoDraw = False
95.9150 	EXP 	no_shape_2: autoDraw = False
95.9150 	EXP 	feedback_text_training: height = 0.05
95.9150 	EXP 	feedback_text_training: height = 0.05
95.9150 	EXP 	feedback_text_training: height = 0.05
95.9150 	EXP 	feedback_text_training: text = 'correct, +1 \n total = 11'
95.9150 	EXP 	feedback_text_training: autoDraw = True
96.8990 	EXP 	New trial (rep=27, index=0): None
96.9151 	EXP 	feedback_text_training: autoDraw = False
96.9151 	EXP 	feedback_text_training: autoDraw = False
96.9151 	EXP 	fixation_cross_training: autoDraw = True
97.9813 	EXP 	fixation_cross_training: autoDraw = False
97.9813 	EXP 	fixation_cross_training: autoDraw = False
97.9813 	EXP 	go_rectangle_training: fillColor = <psychopy.colors.Color: blue, alpha=1.0>
97.9813 	EXP 	go_rectangle_training: ori = 0.0
97.9813 	EXP 	stop_signal_triangle_training: fillColor = <psychopy.colors.Color: white, alpha=1.0>
97.9813 	EXP 	stop_signal_triangle_training: ori = 0.0
97.9813 	EXP 	go_rectangle_training: autoDraw = True
98.2818 	EXP 	go_rectangle_training: autoDraw = False
98.2818 	EXP 	stop_signal_triangle_training: autoDraw = False
98.2818 	EXP 	no_shape_2: autoDraw = True
99.2811 	EXP 	no_shape_2: autoDraw = False
99.2811 	EXP 	no_shape_2: autoDraw = False
99.2811 	EXP 	feedback_text_training: height = 0.05
99.2811 	EXP 	feedback_text_training: height = 0.05
99.2811 	EXP 	feedback_text_training: height = 0.05
99.2811 	EXP 	feedback_text_training: text = 'correct, +1 \n total = 12'
99.2811 	EXP 	feedback_text_training: autoDraw = True
100.2658 	EXP 	New trial (rep=28, index=0): None
100.2809 	EXP 	feedback_text_training: autoDraw = False
100.2809 	EXP 	feedback_text_training: autoDraw = False
100.2809 	EXP 	fixation_cross_training: autoDraw = True
101.2810 	EXP 	fixation_cross_training: autoDraw = False
101.2810 	EXP 	fixation_cross_training: autoDraw = False
101.2810 	EXP 	go_rectangle_training: fillColor = <psychopy.colors.Color: white, alpha=1.0>
101.2810 	EXP 	go_rectangle_training: ori = 0.0
101.2810 	EXP 	stop_signal_triangle_training: fillColor = <psychopy.colors.Color: blue, alpha=1.0>
101.2810 	EXP 	stop_signal_triangle_training: ori = 0.0
101.2810 	EXP 	go_rectangle_training: autoDraw = True
101.4142 	EXP 	stop_signal_triangle_training: autoDraw = True
101.4308 	EXP 	go_rectangle_training: autoDraw = False
101.5308 	EXP 	go_rectangle_training: autoDraw = False
101.5308 	EXP 	stop_signal_triangle_training: autoDraw = False
101.5308 	EXP 	no_shape_2: autoDraw = True
102.5305 	EXP 	no_shape_2: autoDraw = False
102.5305 	EXP 	no_shape_2: autoDraw = False
102.5305 	EXP 	feedback_text_training: height = 0.05
102.5305 	EXP 	feedback_text_training: height = 0.05
102.5305 	EXP 	feedback_text_training: height = 0.05
102.5305 	EXP 	feedback_text_training: text = 'correct, +1 \n total = 13'
102.5305 	EXP 	feedback_text_training: autoDraw = True
103.5150 	EXP 	New trial (rep=29, index=0): None
103.5308 	EXP 	feedback_text_training: autoDraw = False
103.5308 	EXP 	feedback_text_training: autoDraw = False
103.5308 	EXP 	fixation_cross_training: autoDraw = True
104.8469 	EXP 	fixation_cross_training: autoDraw = False
104.8469 	EXP 	fixation_cross_training: autoDraw = False
104.8469 	EXP 	go_rectangle_training: fillColor = <psychopy.colors.Color: white, alpha=1.0>
104.8469 	EXP 	go_rectangle_training: ori = 0.0
104.8469 	EXP 	stop_signal_triangle_training: fillColor = <psychopy.colors.Color: white, alpha=1.0>
104.8469 	EXP 	stop_signal_triangle_training: ori = 0.0
104.8469 	EXP 	go_rectangle_training: autoDraw = True
104.9305 	EXP 	stop_signal_triangle_training: autoDraw = True
104.9470 	EXP 	go_rectangle_training: autoDraw = False
105.0809 	EXP 	go_rectangle_training: autoDraw = False
105.0809 	EXP 	stop_signal_triangle_training: autoDraw = False
105.0809 	EXP 	no_shape_2: autoDraw = True
106.0802 	EXP 	no_shape_2: autoDraw = False
106.0802 	EXP 	no_shape_2: autoDraw = False
106.0802 	EXP 	feedback_text_training: height = 0.05
106.0802 	EXP 	feedback_text_training: height = 0.05
106.0802 	EXP 	feedback_text_training: height = 0.05
106.0802 	EXP 	feedback_text_training: text = 'incorrect, -3 \n total = 10'
106.0802 	EXP 	feedback_text_training: autoDraw = True
107.0647 	EXP 	New trial (rep=30, index=0): None
107.0799 	EXP 	feedback_text_training: autoDraw = False
107.0799 	EXP 	feedback_text_training: autoDraw = False
107.0799 	EXP 	fixation_cross_training: autoDraw = True
108.1299 	EXP 	fixation_cross_training: autoDraw = False
108.1299 	EXP 	fixation_cross_training: autoDraw = False
108.1299 	EXP 	go_rectangle_training: fillColor = <psychopy.colors.Color: white, alpha=1.0>
108.1299 	EXP 	go_rectangle_training: ori = 0.0
108.1299 	EXP 	stop_signal_triangle_training: fillColor = <psychopy.colors.Color: white, alpha=1.0>
108.1299 	EXP 	stop_signal_triangle_training: ori = 0.0
108.1299 	EXP 	go_rectangle_training: autoDraw = True
108.1635 	EXP 	stop_signal_triangle_training: autoDraw = True
108.1799 	EXP 	go_rectangle_training: autoDraw = False
108.6629 	EXP 	stop_signal_triangle_training: autoDraw = False
108.6629 	EXP 	go_rectangle_training: autoDraw = False
108.6629 	EXP 	stop_signal_triangle_training: autoDraw = False
108.6629 	EXP 	no_shape_2: autoDraw = True
109.6629 	EXP 	no_shape_2: autoDraw = False
109.6629 	EXP 	no_shape_2: autoDraw = False
109.6629 	EXP 	feedback_text_training: height = 0.05
109.6629 	EXP 	feedback_text_training: height = 0.05
109.6629 	EXP 	feedback_text_training: height = 0.05
109.6629 	EXP 	feedback_text_training: text = 'correct, +3 \n total = 13'
109.6629 	EXP 	feedback_text_training: autoDraw = True
110.6471 	EXP 	New trial (rep=31, index=0): None
110.6627 	EXP 	feedback_text_training: autoDraw = False
110.6627 	EXP 	feedback_text_training: autoDraw = False
110.6627 	EXP 	fixation_cross_training: autoDraw = True
111.4295 	EXP 	fixation_cross_training: autoDraw = False
111.4295 	EXP 	fixation_cross_training: autoDraw = False
111.4295 	EXP 	go_rectangle_training: fillColor = <psychopy.colors.Color: blue, alpha=1.0>
111.4295 	EXP 	go_rectangle_training: ori = 0.0
111.4295 	EXP 	stop_signal_triangle_training: fillColor = <psychopy.colors.Color: white, alpha=1.0>
111.4295 	EXP 	stop_signal_triangle_training: ori = 0.0
111.4295 	EXP 	go_rectangle_training: autoDraw = True
111.6792 	EXP 	go_rectangle_training: autoDraw = False
111.6792 	EXP 	stop_signal_triangle_training: autoDraw = False
111.6792 	EXP 	no_shape_2: autoDraw = True
112.6791 	EXP 	no_shape_2: autoDraw = False
112.6791 	EXP 	no_shape_2: autoDraw = False
112.6791 	EXP 	feedback_text_training: height = 0.05
112.6791 	EXP 	feedback_text_training: height = 0.05
112.6791 	EXP 	feedback_text_training: height = 0.05
112.6791 	EXP 	feedback_text_training: text = 'correct, +1 \n total = 14'
112.6791 	EXP 	feedback_text_training: autoDraw = True
113.6633 	EXP 	New trial (rep=32, index=0): None
113.6791 	EXP 	feedback_text_training: autoDraw = False
113.6791 	EXP 	feedback_text_training: autoDraw = False
113.6791 	EXP 	fixation_cross_training: autoDraw = True
114.3957 	EXP 	fixation_cross_training: autoDraw = False
114.3957 	EXP 	fixation_cross_training: autoDraw = False
114.3957 	EXP 	go_rectangle_training: fillColor = <psychopy.colors.Color: white, alpha=1.0>
114.3957 	EXP 	go_rectangle_training: ori = 0.0
114.3957 	EXP 	stop_signal_triangle_training: fillColor = <psychopy.colors.Color: white, alpha=1.0>
114.3957 	EXP 	stop_signal_triangle_training: ori = 0.0
114.3957 	EXP 	go_rectangle_training: autoDraw = True
114.7621 	EXP 	go_rectangle_training: autoDraw = False
114.7621 	EXP 	stop_signal_triangle_training: autoDraw = False
114.7621 	EXP 	no_shape_2: autoDraw = True
115.7620 	EXP 	no_shape_2: autoDraw = False
115.7620 	EXP 	no_shape_2: autoDraw = False
115.7620 	EXP 	feedback_text_training: height = 0.05
115.7620 	EXP 	feedback_text_training: height = 0.05
115.7620 	EXP 	feedback_text_training: height = 0.05
115.7620 	EXP 	feedback_text_training: text = 'correct, +1 \n total = 15'
115.7620 	EXP 	feedback_text_training: autoDraw = True
116.7461 	EXP 	New trial (rep=33, index=0): None
116.7623 	EXP 	feedback_text_training: autoDraw = False
116.7623 	EXP 	feedback_text_training: autoDraw = False
116.7623 	EXP 	fixation_cross_training: autoDraw = True
117.7616 	EXP 	fixation_cross_training: autoDraw = False
117.7616 	EXP 	fixation_cross_training: autoDraw = False
117.7616 	EXP 	go_rectangle_training: fillColor = <psychopy.colors.Color: blue, alpha=1.0>
117.7616 	EXP 	go_rectangle_training: ori = 0.0
117.7616 	EXP 	stop_signal_triangle_training: fillColor = <psychopy.colors.Color: white, alpha=1.0>
117.7616 	EXP 	stop_signal_triangle_training: ori = 0.0
117.7616 	EXP 	go_rectangle_training: autoDraw = True
118.0283 	EXP 	go_rectangle_training: autoDraw = False
118.0283 	EXP 	stop_signal_triangle_training: autoDraw = False
118.0283 	EXP 	no_shape_2: autoDraw = True
119.0282 	EXP 	no_shape_2: autoDraw = False
119.0282 	EXP 	no_shape_2: autoDraw = False
119.0282 	EXP 	feedback_text_training: height = 0.05
119.0282 	EXP 	feedback_text_training: height = 0.05
119.0282 	EXP 	feedback_text_training: height = 0.05
119.0282 	EXP 	feedback_text_training: text = 'correct, +1 \n total = 16'
119.0282 	EXP 	feedback_text_training: autoDraw = True
120.0122 	EXP 	New trial (rep=34, index=0): None
120.0282 	EXP 	feedback_text_training: autoDraw = False
120.0282 	EXP 	feedback_text_training: autoDraw = False
120.0282 	EXP 	fixation_cross_training: autoDraw = True
120.7114 	EXP 	fixation_cross_training: autoDraw = False
120.7114 	EXP 	fixation_cross_training: autoDraw = False
120.7114 	EXP 	go_rectangle_training: fillColor = <psychopy.colors.Color: white, alpha=1.0>
120.7114 	EXP 	go_rectangle_training: ori = 0.0
120.7114 	EXP 	stop_signal_triangle_training: fillColor = <psychopy.colors.Color: blue, alpha=1.0>
120.7114 	EXP 	stop_signal_triangle_training: ori = 0.0
120.7114 	EXP 	go_rectangle_training: autoDraw = True
120.7451 	EXP 	stop_signal_triangle_training: autoDraw = True
120.7614 	EXP 	go_rectangle_training: autoDraw = False
121.0279 	EXP 	go_rectangle_training: autoDraw = False
121.0279 	EXP 	stop_signal_triangle_training: autoDraw = False
121.0279 	EXP 	no_shape_2: autoDraw = True
122.0277 	EXP 	no_shape_2: autoDraw = False
122.0277 	EXP 	no_shape_2: autoDraw = False
122.0277 	EXP 	feedback_text_training: height = 0.05
122.0277 	EXP 	feedback_text_training: height = 0.05
122.0277 	EXP 	feedback_text_training: height = 0.05
122.0277 	EXP 	feedback_text_training: text = 'correct, +1 \n total = 17'
122.0277 	EXP 	feedback_text_training: autoDraw = True
123.0118 	EXP 	New trial (rep=35, index=0): None
123.0276 	EXP 	feedback_text_training: autoDraw = False
123.0276 	EXP 	feedback_text_training: autoDraw = False
123.0276 	EXP 	fixation_cross_training: autoDraw = True
123.6110 	EXP 	fixation_cross_training: autoDraw = False
123.6110 	EXP 	fixation_cross_training: autoDraw = False
123.6110 	EXP 	go_rectangle_training: fillColor = <psychopy.colors.Color: white, alpha=1.0>
123.6110 	EXP 	go_rectangle_training: ori = 0.0
123.6110 	EXP 	stop_signal_triangle_training: fillColor = <psychopy.colors.Color: white, alpha=1.0>
123.6110 	EXP 	stop_signal_triangle_training: ori = 0.0
123.6110 	EXP 	go_rectangle_training: autoDraw = True
123.8942 	EXP 	go_rectangle_training: autoDraw = False
123.8942 	EXP 	stop_signal_triangle_training: autoDraw = False
123.8942 	EXP 	no_shape_2: autoDraw = True
124.8939 	EXP 	no_shape_2: autoDraw = False
124.8939 	EXP 	no_shape_2: autoDraw = False
124.8939 	EXP 	feedback_text_training: height = 0.05
124.8939 	EXP 	feedback_text_training: height = 0.05
124.8939 	EXP 	feedback_text_training: height = 0.05
124.8939 	EXP 	feedback_text_training: text = 'correct, +1 \n total = 18'
124.8939 	EXP 	feedback_text_training: autoDraw = True
125.8939 	EXP 	feedback_text_training: autoDraw = False
125.8939 	EXP 	feedback_text_training: autoDraw = False
125.8939 	EXP 	text_ssd: height = 0.05
125.8939 	EXP 	text_ssd: height = 0.05
125.8939 	EXP 	text_ssd: height = 0.05
125.8939 	EXP 	text_ssd: text = 0.1416666666666667
125.8939 	EXP 	text_ssd: autoDraw = True
128.8938 	EXP 	text_ssd: autoDraw = False
128.8938 	EXP 	text_ssd: autoDraw = False
128.8938 	EXP 	text_start_task: autoDraw = True
140.8434 	EXP 	Created sequence: sequential, trialTypes=1, nReps=3, seed=None
140.8436 	EXP 	New trial (rep=0, index=0): None
140.8443 	EXP 	Created sequence: sequential, trialTypes=1, nReps=120, seed=None
140.8448 	EXP 	New trial (rep=0, index=0): None
140.8581 	EXP 	text_start_task: autoDraw = False
140.8581 	EXP 	fixation_cross: autoDraw = True
141.7416 	EXP 	fixation_cross: autoDraw = False
141.7416 	EXP 	fixation_cross: autoDraw = False
141.7416 	EXP 	go_rectangle: fillColor = <psychopy.colors.Color: white, alpha=1.0>
141.7416 	EXP 	go_rectangle: ori = 0.0
141.7416 	EXP 	stop_signal_triangle: fillColor = <psychopy.colors.Color: white, alpha=1.0>
141.7416 	EXP 	stop_signal_triangle: ori = 0.0
141.7416 	EXP 	go_rectangle: autoDraw = True
142.7249 	EXP 	go_rectangle: autoDraw = False
142.7249 	EXP 	stop_signal_triangle: autoDraw = False
142.7249 	EXP 	no_shape: autoDraw = True
143.7246 	EXP 	no_shape: autoDraw = False
143.7246 	EXP 	no_shape: autoDraw = False
143.7246 	EXP 	feedback_text: height = 0.05
143.7246 	EXP 	feedback_text: height = 0.05
143.7246 	EXP 	feedback_text: height = 0.05
143.7246 	EXP 	feedback_text: text = 'incorrect, -1 \n total = -1'
143.7246 	EXP 	feedback_text: autoDraw = True
144.7086 	EXP 	New trial (rep=1, index=0): None
144.7245 	EXP 	feedback_text: autoDraw = False
144.7245 	EXP 	feedback_text: autoDraw = False
144.7245 	EXP 	fixation_cross: autoDraw = True
146.1575 	EXP 	fixation_cross: autoDraw = False
146.1575 	EXP 	fixation_cross: autoDraw = False
146.1575 	EXP 	go_rectangle: fillColor = <psychopy.colors.Color: blue, alpha=1.0>
146.1575 	EXP 	go_rectangle: ori = 0.0
146.1575 	EXP 	stop_signal_triangle: fillColor = <psychopy.colors.Color: white, alpha=1.0>
146.1575 	EXP 	stop_signal_triangle: ori = 0.0
146.1575 	EXP 	go_rectangle: autoDraw = True
147.1409 	EXP 	go_rectangle: autoDraw = False
147.1409 	EXP 	stop_signal_triangle: autoDraw = False
147.1409 	EXP 	no_shape: autoDraw = True
148.1405 	EXP 	no_shape: autoDraw = False
148.1405 	EXP 	no_shape: autoDraw = False
148.1405 	EXP 	feedback_text: height = 0.05
148.1405 	EXP 	feedback_text: height = 0.05
148.1405 	EXP 	feedback_text: height = 0.05
148.1405 	EXP 	feedback_text: text = 'incorrect, -1 \n total = -2'
148.1405 	EXP 	feedback_text: autoDraw = True
149.1249 	EXP 	New trial (rep=2, index=0): None
149.1404 	EXP 	feedback_text: autoDraw = False
149.1404 	EXP 	feedback_text: autoDraw = False
149.1404 	EXP 	fixation_cross: autoDraw = True
149.6577 	EXP 	fixation_cross: autoDraw = False
149.6577 	EXP 	fixation_cross: autoDraw = False
149.6577 	EXP 	go_rectangle: fillColor = <psychopy.colors.Color: white, alpha=1.0>
149.6577 	EXP 	go_rectangle: ori = 0.0
149.6577 	EXP 	stop_signal_triangle: fillColor = <psychopy.colors.Color: white, alpha=1.0>
149.6577 	EXP 	stop_signal_triangle: ori = 0.0
149.6577 	EXP 	go_rectangle: autoDraw = True
150.6404 	EXP 	go_rectangle: autoDraw = False
150.6404 	EXP 	stop_signal_triangle: autoDraw = False
150.6404 	EXP 	no_shape: autoDraw = True
151.6401 	EXP 	no_shape: autoDraw = False
151.6401 	EXP 	no_shape: autoDraw = False
151.6401 	EXP 	feedback_text: height = 0.05
151.6401 	EXP 	feedback_text: height = 0.05
151.6401 	EXP 	feedback_text: height = 0.05
151.6401 	EXP 	feedback_text: text = 'incorrect, -1 \n total = -3'
151.6401 	EXP 	feedback_text: autoDraw = True
152.6248 	EXP 	New trial (rep=3, index=0): None
152.6399 	EXP 	feedback_text: autoDraw = False
152.6399 	EXP 	feedback_text: autoDraw = False
152.6399 	EXP 	fixation_cross: autoDraw = True
153.1734 	EXP 	fixation_cross: autoDraw = False
153.1734 	EXP 	fixation_cross: autoDraw = False
153.1734 	EXP 	go_rectangle: fillColor = <psychopy.colors.Color: blue, alpha=1.0>
153.1734 	EXP 	go_rectangle: ori = 0.0
153.1734 	EXP 	stop_signal_triangle: fillColor = <psychopy.colors.Color: white, alpha=1.0>
153.1734 	EXP 	stop_signal_triangle: ori = 0.0
153.1734 	EXP 	go_rectangle: autoDraw = True
154.1584 	EXP 	go_rectangle: autoDraw = False
154.1584 	EXP 	stop_signal_triangle: autoDraw = False
154.1584 	EXP 	no_shape: autoDraw = True
155.1714 	EXP 	no_shape: autoDraw = False
155.1714 	EXP 	no_shape: autoDraw = False
155.1714 	EXP 	feedback_text: height = 0.05
155.1714 	EXP 	feedback_text: height = 0.05
155.1714 	EXP 	feedback_text: height = 0.05
155.1714 	EXP 	feedback_text: text = 'incorrect, -1 \n total = -4'
155.1714 	EXP 	feedback_text: autoDraw = True
156.1792 	EXP 	New trial (rep=4, index=0): None
156.1839 	EXP 	feedback_text: autoDraw = False
156.1839 	EXP 	fixation_cross: autoDraw = True
157.5418 	EXP 	fixation_cross: autoDraw = False
157.5418 	EXP 	fixation_cross: autoDraw = False
157.5418 	EXP 	go_rectangle: fillColor = <psychopy.colors.Color: white, alpha=1.0>
157.5418 	EXP 	go_rectangle: ori = 0.0
157.5418 	EXP 	stop_signal_triangle: fillColor = <psychopy.colors.Color: blue, alpha=1.0>
157.5418 	EXP 	stop_signal_triangle: ori = 0.0
157.5418 	EXP 	go_rectangle: autoDraw = True
157.6751 	EXP 	stop_signal_triangle: autoDraw = True
157.6928 	EXP 	go_rectangle: autoDraw = False
157.8410 	EXP 	go_rectangle: autoDraw = False
157.8410 	EXP 	stop_signal_triangle: autoDraw = False
157.8410 	EXP 	no_shape: autoDraw = True
158.8482 	EXP 	no_shape: autoDraw = False
158.8482 	EXP 	feedback_text: height = 0.05
158.8482 	EXP 	feedback_text: height = 0.05
158.8482 	EXP 	feedback_text: height = 0.05
158.8482 	EXP 	feedback_text: text = 'correct, +1 \n total = -3'
158.8482 	EXP 	feedback_text: autoDraw = True
159.8397 	EXP 	New trial (rep=5, index=0): None
159.8555 	EXP 	feedback_text: autoDraw = False
159.8555 	EXP 	fixation_cross: autoDraw = True
161.1888 	EXP 	fixation_cross: autoDraw = False
161.1888 	EXP 	fixation_cross: autoDraw = False
161.1888 	EXP 	go_rectangle: fillColor = <psychopy.colors.Color: white, alpha=1.0>
161.1888 	EXP 	go_rectangle: ori = 0.0
161.1888 	EXP 	stop_signal_triangle: fillColor = <psychopy.colors.Color: white, alpha=1.0>
161.1888 	EXP 	stop_signal_triangle: ori = 0.0
161.1888 	EXP 	go_rectangle: autoDraw = True
161.3221 	EXP 	stop_signal_triangle: autoDraw = True
161.3385 	EXP 	go_rectangle: autoDraw = False
161.3889 	EXP 	go_rectangle: autoDraw = False
161.3889 	EXP 	stop_signal_triangle: autoDraw = False
161.3889 	EXP 	no_shape: autoDraw = True
162.3888 	EXP 	no_shape: autoDraw = False
162.3888 	EXP 	no_shape: autoDraw = False
162.3888 	EXP 	feedback_text: height = 0.05
162.3888 	EXP 	feedback_text: height = 0.05
162.3888 	EXP 	feedback_text: height = 0.05
162.3888 	EXP 	feedback_text: text = 'incorrect, -3 \n total = -6'
162.3888 	EXP 	feedback_text: autoDraw = True
163.3728 	EXP 	New trial (rep=6, index=0): None
163.3882 	EXP 	feedback_text: autoDraw = False
163.3882 	EXP 	feedback_text: autoDraw = False
163.3882 	EXP 	fixation_cross: autoDraw = True
164.4050 	EXP 	fixation_cross: autoDraw = False
164.4050 	EXP 	fixation_cross: autoDraw = False
164.4050 	EXP 	go_rectangle: fillColor = <psychopy.colors.Color: blue, alpha=1.0>
164.4050 	EXP 	go_rectangle: ori = 0.0
164.4050 	EXP 	stop_signal_triangle: fillColor = <psychopy.colors.Color: white, alpha=1.0>
164.4050 	EXP 	stop_signal_triangle: ori = 0.0
164.4050 	EXP 	go_rectangle: autoDraw = True
164.6382 	EXP 	go_rectangle: autoDraw = False
164.6382 	EXP 	stop_signal_triangle: autoDraw = False
164.6382 	EXP 	no_shape: autoDraw = True
165.6383 	EXP 	no_shape: autoDraw = False
165.6383 	EXP 	no_shape: autoDraw = False
165.6383 	EXP 	feedback_text: height = 0.05
165.6383 	EXP 	feedback_text: height = 0.05
165.6383 	EXP 	feedback_text: height = 0.05
165.6383 	EXP 	feedback_text: text = 'correct, +1 \n total = -5'
165.6383 	EXP 	feedback_text: autoDraw = True
166.6229 	EXP 	New trial (rep=7, index=0): None
166.6379 	EXP 	feedback_text: autoDraw = False
166.6379 	EXP 	feedback_text: autoDraw = False
166.6379 	EXP 	fixation_cross: autoDraw = True
167.2546 	EXP 	fixation_cross: autoDraw = False
167.2546 	EXP 	fixation_cross: autoDraw = False
167.2546 	EXP 	go_rectangle: fillColor = <psychopy.colors.Color: white, alpha=1.0>
167.2546 	EXP 	go_rectangle: ori = 0.0
167.2546 	EXP 	stop_signal_triangle: fillColor = <psychopy.colors.Color: white, alpha=1.0>
167.2546 	EXP 	stop_signal_triangle: ori = 0.0
167.2546 	EXP 	go_rectangle: autoDraw = True
167.5378 	EXP 	go_rectangle: autoDraw = False
167.5378 	EXP 	stop_signal_triangle: autoDraw = False
167.5378 	EXP 	no_shape: autoDraw = True
168.5376 	EXP 	no_shape: autoDraw = False
168.5376 	EXP 	no_shape: autoDraw = False
168.5376 	EXP 	feedback_text: height = 0.05
168.5376 	EXP 	feedback_text: height = 0.05
168.5376 	EXP 	feedback_text: height = 0.05
168.5376 	EXP 	feedback_text: text = 'correct, +1 \n total = -4'
168.5376 	EXP 	feedback_text: autoDraw = True
169.5221 	EXP 	New trial (rep=8, index=0): None
169.5374 	EXP 	feedback_text: autoDraw = False
169.5374 	EXP 	feedback_text: autoDraw = False
169.5374 	EXP 	fixation_cross: autoDraw = True
170.3711 	EXP 	fixation_cross: autoDraw = False
170.3711 	EXP 	fixation_cross: autoDraw = False
170.3711 	EXP 	go_rectangle: fillColor = <psychopy.colors.Color: white, alpha=1.0>
170.3711 	EXP 	go_rectangle: ori = 0.0
170.3711 	EXP 	stop_signal_triangle: fillColor = <psychopy.colors.Color: white, alpha=1.0>
170.3711 	EXP 	stop_signal_triangle: ori = 0.0
170.3711 	EXP 	go_rectangle: autoDraw = True
170.4541 	EXP 	stop_signal_triangle: autoDraw = True
170.4707 	EXP 	go_rectangle: autoDraw = False
170.9540 	EXP 	stop_signal_triangle: autoDraw = False
170.9540 	EXP 	go_rectangle: autoDraw = False
170.9540 	EXP 	stop_signal_triangle: autoDraw = False
170.9540 	EXP 	no_shape: autoDraw = True
171.9536 	EXP 	no_shape: autoDraw = False
171.9536 	EXP 	no_shape: autoDraw = False
171.9536 	EXP 	feedback_text: height = 0.05
171.9536 	EXP 	feedback_text: height = 0.05
171.9536 	EXP 	feedback_text: height = 0.05
171.9536 	EXP 	feedback_text: text = 'correct, +3 \n total = -1'
171.9536 	EXP 	feedback_text: autoDraw = True
172.9378 	EXP 	New trial (rep=9, index=0): None
172.9535 	EXP 	feedback_text: autoDraw = False
172.9535 	EXP 	feedback_text: autoDraw = False
172.9535 	EXP 	fixation_cross: autoDraw = True
173.6535 	EXP 	fixation_cross: autoDraw = False
173.6535 	EXP 	fixation_cross: autoDraw = False
173.6535 	EXP 	go_rectangle: fillColor = <psychopy.colors.Color: blue, alpha=1.0>
173.6535 	EXP 	go_rectangle: ori = 0.0
173.6535 	EXP 	stop_signal_triangle: fillColor = <psychopy.colors.Color: white, alpha=1.0>
173.6535 	EXP 	stop_signal_triangle: ori = 0.0
173.6535 	EXP 	go_rectangle: autoDraw = True
174.0201 	EXP 	go_rectangle: autoDraw = False
174.0201 	EXP 	stop_signal_triangle: autoDraw = False
174.0201 	EXP 	no_shape: autoDraw = True
175.0205 	EXP 	no_shape: autoDraw = False
175.0205 	EXP 	no_shape: autoDraw = False
175.0205 	EXP 	feedback_text: height = 0.05
175.0205 	EXP 	feedback_text: height = 0.05
175.0205 	EXP 	feedback_text: height = 0.05
175.0205 	EXP 	feedback_text: text = 'correct, +1 \n total = 0'
175.0205 	EXP 	feedback_text: autoDraw = True
176.0046 	EXP 	New trial (rep=10, index=0): None
176.0202 	EXP 	feedback_text: autoDraw = False
176.0202 	EXP 	feedback_text: autoDraw = False
176.0202 	EXP 	fixation_cross: autoDraw = True
177.5030 	EXP 	fixation_cross: autoDraw = False
177.5030 	EXP 	fixation_cross: autoDraw = False
177.5030 	EXP 	go_rectangle: fillColor = <psychopy.colors.Color: white, alpha=1.0>
177.5030 	EXP 	go_rectangle: ori = 0.0
177.5030 	EXP 	stop_signal_triangle: fillColor = <psychopy.colors.Color: blue, alpha=1.0>
177.5030 	EXP 	stop_signal_triangle: ori = 0.0
177.5030 	EXP 	go_rectangle: autoDraw = True
177.5529 	EXP 	go_rectangle: autoDraw = False
177.5529 	EXP 	stop_signal_triangle: autoDraw = False
177.5529 	EXP 	no_shape: autoDraw = True
178.5529 	EXP 	no_shape: autoDraw = False
178.5529 	EXP 	no_shape: autoDraw = False
178.5529 	EXP 	feedback_text: height = 0.05
178.5529 	EXP 	feedback_text: height = 0.05
178.5529 	EXP 	feedback_text: height = 0.05
178.5529 	EXP 	feedback_text: text = 'correct, +1 \n total = 1'
178.5529 	EXP 	feedback_text: autoDraw = True
179.5370 	EXP 	New trial (rep=11, index=0): None
179.5526 	EXP 	feedback_text: autoDraw = False
179.5526 	EXP 	feedback_text: autoDraw = False
179.5526 	EXP 	fixation_cross: autoDraw = True
180.8859 	EXP 	fixation_cross: autoDraw = False
180.8859 	EXP 	fixation_cross: autoDraw = False
180.8859 	EXP 	go_rectangle: fillColor = <psychopy.colors.Color: white, alpha=1.0>
180.8859 	EXP 	go_rectangle: ori = 0.0
180.8859 	EXP 	stop_signal_triangle: fillColor = <psychopy.colors.Color: white, alpha=1.0>
180.8859 	EXP 	stop_signal_triangle: ori = 0.0
180.8859 	EXP 	go_rectangle: autoDraw = True
181.1524 	EXP 	go_rectangle: autoDraw = False
181.1524 	EXP 	stop_signal_triangle: autoDraw = False
181.1524 	EXP 	no_shape: autoDraw = True
182.1523 	EXP 	no_shape: autoDraw = False
182.1523 	EXP 	no_shape: autoDraw = False
182.1523 	EXP 	feedback_text: height = 0.05
182.1523 	EXP 	feedback_text: height = 0.05
182.1523 	EXP 	feedback_text: height = 0.05
182.1523 	EXP 	feedback_text: text = 'correct, +1 \n total = 2'
182.1523 	EXP 	feedback_text: autoDraw = True
183.1372 	EXP 	New trial (rep=12, index=0): None
183.1521 	EXP 	feedback_text: autoDraw = False
183.1521 	EXP 	feedback_text: autoDraw = False
183.1521 	EXP 	fixation_cross: autoDraw = True
184.0019 	EXP 	fixation_cross: autoDraw = False
184.0019 	EXP 	fixation_cross: autoDraw = False
184.0019 	EXP 	go_rectangle: fillColor = <psychopy.colors.Color: white, alpha=1.0>
184.0019 	EXP 	go_rectangle: ori = 0.0
184.0019 	EXP 	stop_signal_triangle: fillColor = <psychopy.colors.Color: white, alpha=1.0>
184.0019 	EXP 	stop_signal_triangle: ori = 0.0
184.0019 	EXP 	go_rectangle: autoDraw = True
184.2519 	EXP 	go_rectangle: autoDraw = False
184.2519 	EXP 	stop_signal_triangle: autoDraw = False
184.2519 	EXP 	no_shape: autoDraw = True
185.2519 	EXP 	no_shape: autoDraw = False
185.2519 	EXP 	no_shape: autoDraw = False
185.2519 	EXP 	feedback_text: height = 0.05
185.2519 	EXP 	feedback_text: height = 0.05
185.2519 	EXP 	feedback_text: height = 0.05
185.2519 	EXP 	feedback_text: text = 'correct, +1 \n total = 3'
185.2519 	EXP 	feedback_text: autoDraw = True
186.2362 	EXP 	New trial (rep=13, index=0): None
186.2515 	EXP 	feedback_text: autoDraw = False
186.2515 	EXP 	feedback_text: autoDraw = False
186.2515 	EXP 	fixation_cross: autoDraw = True
186.9183 	EXP 	fixation_cross: autoDraw = False
186.9183 	EXP 	fixation_cross: autoDraw = False
186.9183 	EXP 	go_rectangle: fillColor = <psychopy.colors.Color: white, alpha=1.0>
186.9183 	EXP 	go_rectangle: ori = 0.0
186.9183 	EXP 	stop_signal_triangle: fillColor = <psychopy.colors.Color: blue, alpha=1.0>
186.9183 	EXP 	stop_signal_triangle: ori = 0.0
186.9183 	EXP 	go_rectangle: autoDraw = True
187.0022 	EXP 	stop_signal_triangle: autoDraw = True
187.0182 	EXP 	go_rectangle: autoDraw = False
187.3014 	EXP 	go_rectangle: autoDraw = False
187.3014 	EXP 	stop_signal_triangle: autoDraw = False
187.3014 	EXP 	no_shape: autoDraw = True
188.3018 	EXP 	no_shape: autoDraw = False
188.3018 	EXP 	no_shape: autoDraw = False
188.3018 	EXP 	feedback_text: height = 0.05
188.3018 	EXP 	feedback_text: height = 0.05
188.3018 	EXP 	feedback_text: height = 0.05
188.3018 	EXP 	feedback_text: text = 'correct, +1 \n total = 4'
188.3018 	EXP 	feedback_text: autoDraw = True
189.2855 	EXP 	New trial (rep=14, index=0): None
189.3011 	EXP 	feedback_text: autoDraw = False
189.3011 	EXP 	feedback_text: autoDraw = False
189.3011 	EXP 	fixation_cross: autoDraw = True
189.9845 	EXP 	fixation_cross: autoDraw = False
189.9845 	EXP 	fixation_cross: autoDraw = False
189.9845 	EXP 	go_rectangle: fillColor = <psychopy.colors.Color: white, alpha=1.0>
189.9845 	EXP 	go_rectangle: ori = 0.0
189.9845 	EXP 	stop_signal_triangle: fillColor = <psychopy.colors.Color: white, alpha=1.0>
189.9845 	EXP 	stop_signal_triangle: ori = 0.0
189.9845 	EXP 	go_rectangle: autoDraw = True
190.3178 	EXP 	go_rectangle: autoDraw = False
190.3178 	EXP 	stop_signal_triangle: autoDraw = False
190.3178 	EXP 	no_shape: autoDraw = True
191.3176 	EXP 	no_shape: autoDraw = False
191.3176 	EXP 	no_shape: autoDraw = False
191.3176 	EXP 	feedback_text: height = 0.05
191.3176 	EXP 	feedback_text: height = 0.05
191.3176 	EXP 	feedback_text: height = 0.05
191.3176 	EXP 	feedback_text: text = 'correct, +1 \n total = 5'
191.3176 	EXP 	feedback_text: autoDraw = True
192.3019 	EXP 	New trial (rep=15, index=0): None
192.3180 	EXP 	feedback_text: autoDraw = False
192.3180 	EXP 	feedback_text: autoDraw = False
192.3180 	EXP 	fixation_cross: autoDraw = True
192.9341 	EXP 	fixation_cross: autoDraw = False
192.9341 	EXP 	fixation_cross: autoDraw = False
192.9341 	EXP 	go_rectangle: fillColor = <psychopy.colors.Color: blue, alpha=1.0>
192.9341 	EXP 	go_rectangle: ori = 0.0
192.9341 	EXP 	stop_signal_triangle: fillColor = <psychopy.colors.Color: white, alpha=1.0>
192.9341 	EXP 	stop_signal_triangle: ori = 0.0
192.9341 	EXP 	go_rectangle: autoDraw = True
193.2841 	EXP 	go_rectangle: autoDraw = False
193.2841 	EXP 	stop_signal_triangle: autoDraw = False
193.2841 	EXP 	no_shape: autoDraw = True
194.2837 	EXP 	no_shape: autoDraw = False
194.2837 	EXP 	no_shape: autoDraw = False
194.2837 	EXP 	feedback_text: height = 0.05
194.2837 	EXP 	feedback_text: height = 0.05
194.2837 	EXP 	feedback_text: height = 0.05
194.2837 	EXP 	feedback_text: text = 'correct, +1 \n total = 6'
194.2837 	EXP 	feedback_text: autoDraw = True
195.2682 	EXP 	New trial (rep=16, index=0): None
195.2837 	EXP 	feedback_text: autoDraw = False
195.2837 	EXP 	feedback_text: autoDraw = False
195.2837 	EXP 	fixation_cross: autoDraw = True
196.1503 	EXP 	fixation_cross: autoDraw = False
196.1503 	EXP 	fixation_cross: autoDraw = False
196.1503 	EXP 	go_rectangle: fillColor = <psychopy.colors.Color: blue, alpha=1.0>
196.1503 	EXP 	go_rectangle: ori = 0.0
196.1503 	EXP 	stop_signal_triangle: fillColor = <psychopy.colors.Color: white, alpha=1.0>
196.1503 	EXP 	stop_signal_triangle: ori = 0.0
196.1503 	EXP 	go_rectangle: autoDraw = True
196.4001 	EXP 	go_rectangle: autoDraw = False
196.4001 	EXP 	stop_signal_triangle: autoDraw = False
196.4001 	EXP 	no_shape: autoDraw = True
197.4001 	EXP 	no_shape: autoDraw = False
197.4001 	EXP 	no_shape: autoDraw = False
197.4001 	EXP 	feedback_text: height = 0.05
197.4001 	EXP 	feedback_text: height = 0.05
197.4001 	EXP 	feedback_text: height = 0.05
197.4001 	EXP 	feedback_text: text = 'correct, +1 \n total = 7'
197.4001 	EXP 	feedback_text: autoDraw = True
198.3851 	EXP 	New trial (rep=17, index=0): None
198.4000 	EXP 	feedback_text: autoDraw = False
198.4000 	EXP 	feedback_text: autoDraw = False
198.4000 	EXP 	fixation_cross: autoDraw = True
199.1666 	EXP 	fixation_cross: autoDraw = False
199.1666 	EXP 	fixation_cross: autoDraw = False
199.1666 	EXP 	go_rectangle: fillColor = <psychopy.colors.Color: white, alpha=1.0>
199.1666 	EXP 	go_rectangle: ori = 0.0
199.1666 	EXP 	stop_signal_triangle: fillColor = <psychopy.colors.Color: white, alpha=1.0>
199.1666 	EXP 	stop_signal_triangle: ori = 0.0
199.1666 	EXP 	go_rectangle: autoDraw = True
199.3004 	EXP 	stop_signal_triangle: autoDraw = True
199.3163 	EXP 	go_rectangle: autoDraw = False
199.4998 	EXP 	go_rectangle: autoDraw = False
199.4998 	EXP 	stop_signal_triangle: autoDraw = False
199.4998 	EXP 	no_shape: autoDraw = True
200.4996 	EXP 	no_shape: autoDraw = False
200.4996 	EXP 	no_shape: autoDraw = False
200.4996 	EXP 	feedback_text: height = 0.05
200.4996 	EXP 	feedback_text: height = 0.05
200.4996 	EXP 	feedback_text: height = 0.05
200.4996 	EXP 	feedback_text: text = 'incorrect, -3 \n total = 4'
200.4996 	EXP 	feedback_text: autoDraw = True
201.4839 	EXP 	New trial (rep=18, index=0): None
201.4997 	EXP 	feedback_text: autoDraw = False
201.4997 	EXP 	feedback_text: autoDraw = False
201.4997 	EXP 	fixation_cross: autoDraw = True
202.2160 	EXP 	fixation_cross: autoDraw = False
202.2160 	EXP 	fixation_cross: autoDraw = False
202.2160 	EXP 	go_rectangle: fillColor = <psychopy.colors.Color: blue, alpha=1.0>
202.2160 	EXP 	go_rectangle: ori = 0.0
202.2160 	EXP 	stop_signal_triangle: fillColor = <psychopy.colors.Color: white, alpha=1.0>
202.2160 	EXP 	stop_signal_triangle: ori = 0.0
202.2160 	EXP 	go_rectangle: autoDraw = True
202.4494 	EXP 	go_rectangle: autoDraw = False
202.4494 	EXP 	stop_signal_triangle: autoDraw = False
202.4494 	EXP 	no_shape: autoDraw = True
203.4490 	EXP 	no_shape: autoDraw = False
203.4490 	EXP 	no_shape: autoDraw = False
203.4490 	EXP 	feedback_text: height = 0.05
203.4490 	EXP 	feedback_text: height = 0.05
203.4490 	EXP 	feedback_text: height = 0.05
203.4490 	EXP 	feedback_text: text = 'correct, +1 \n total = 5'
203.4490 	EXP 	feedback_text: autoDraw = True
204.4337 	EXP 	New trial (rep=19, index=0): None
204.4491 	EXP 	feedback_text: autoDraw = False
204.4491 	EXP 	feedback_text: autoDraw = False
204.4491 	EXP 	fixation_cross: autoDraw = True
205.8490 	EXP 	fixation_cross: autoDraw = False
205.8490 	EXP 	fixation_cross: autoDraw = False
205.8490 	EXP 	go_rectangle: fillColor = <psychopy.colors.Color: white, alpha=1.0>
205.8490 	EXP 	go_rectangle: ori = 0.0
205.8490 	EXP 	stop_signal_triangle: fillColor = <psychopy.colors.Color: blue, alpha=1.0>
205.8490 	EXP 	stop_signal_triangle: ori = 0.0
205.8490 	EXP 	go_rectangle: autoDraw = True
205.9823 	EXP 	stop_signal_triangle: autoDraw = True
205.9989 	EXP 	go_rectangle: autoDraw = False
206.0991 	EXP 	go_rectangle: autoDraw = False
206.0991 	EXP 	stop_signal_triangle: autoDraw = False
206.0991 	EXP 	no_shape: autoDraw = True
207.0992 	EXP 	no_shape: autoDraw = False
207.0992 	EXP 	no_shape: autoDraw = False
207.0992 	EXP 	feedback_text: height = 0.05
207.0992 	EXP 	feedback_text: height = 0.05
207.0992 	EXP 	feedback_text: height = 0.05
207.0992 	EXP 	feedback_text: text = 'correct, +1 \n total = 6'
207.0992 	EXP 	feedback_text: autoDraw = True
208.0828 	EXP 	New trial (rep=20, index=0): None
208.0985 	EXP 	feedback_text: autoDraw = False
208.0985 	EXP 	feedback_text: autoDraw = False
208.0985 	EXP 	fixation_cross: autoDraw = True
209.5651 	EXP 	fixation_cross: autoDraw = False
209.5651 	EXP 	fixation_cross: autoDraw = False
209.5651 	EXP 	go_rectangle: fillColor = <psychopy.colors.Color: white, alpha=1.0>
209.5651 	EXP 	go_rectangle: ori = 0.0
209.5651 	EXP 	stop_signal_triangle: fillColor = <psychopy.colors.Color: white, alpha=1.0>
209.5651 	EXP 	stop_signal_triangle: ori = 0.0
209.5651 	EXP 	go_rectangle: autoDraw = True
209.7982 	EXP 	go_rectangle: autoDraw = False
209.7982 	EXP 	stop_signal_triangle: autoDraw = False
209.7982 	EXP 	no_shape: autoDraw = True
210.7979 	EXP 	no_shape: autoDraw = False
210.7979 	EXP 	no_shape: autoDraw = False
210.7979 	EXP 	feedback_text: height = 0.05
210.7979 	EXP 	feedback_text: height = 0.05
210.7979 	EXP 	feedback_text: height = 0.05
210.7979 	EXP 	feedback_text: text = 'correct, +1 \n total = 7'
210.7979 	EXP 	feedback_text: autoDraw = True
211.7827 	EXP 	New trial (rep=21, index=0): None
211.7980 	EXP 	feedback_text: autoDraw = False
211.7980 	EXP 	feedback_text: autoDraw = False
211.7980 	EXP 	fixation_cross: autoDraw = True
213.1812 	EXP 	fixation_cross: autoDraw = False
213.1812 	EXP 	fixation_cross: autoDraw = False
213.1812 	EXP 	go_rectangle: fillColor = <psychopy.colors.Color: blue, alpha=1.0>
213.1812 	EXP 	go_rectangle: ori = 0.0
213.1812 	EXP 	stop_signal_triangle: fillColor = <psychopy.colors.Color: white, alpha=1.0>
213.1812 	EXP 	stop_signal_triangle: ori = 0.0
213.1812 	EXP 	go_rectangle: autoDraw = True
213.4311 	EXP 	go_rectangle: autoDraw = False
213.4311 	EXP 	stop_signal_triangle: autoDraw = False
213.4311 	EXP 	no_shape: autoDraw = True
214.4309 	EXP 	no_shape: autoDraw = False
214.4309 	EXP 	no_shape: autoDraw = False
214.4309 	EXP 	feedback_text: height = 0.05
214.4309 	EXP 	feedback_text: height = 0.05
214.4309 	EXP 	feedback_text: height = 0.05
214.4309 	EXP 	feedback_text: text = 'correct, +1 \n total = 8'
214.4309 	EXP 	feedback_text: autoDraw = True
215.4152 	EXP 	New trial (rep=22, index=0): None
215.4308 	EXP 	feedback_text: autoDraw = False
215.4308 	EXP 	feedback_text: autoDraw = False
215.4308 	EXP 	fixation_cross: autoDraw = True
216.3643 	EXP 	fixation_cross: autoDraw = False
216.3643 	EXP 	fixation_cross: autoDraw = False
216.3643 	EXP 	go_rectangle: fillColor = <psychopy.colors.Color: white, alpha=1.0>
216.3643 	EXP 	go_rectangle: ori = 0.0
216.3643 	EXP 	stop_signal_triangle: fillColor = <psychopy.colors.Color: white, alpha=1.0>
216.3643 	EXP 	stop_signal_triangle: ori = 0.0
216.3643 	EXP 	go_rectangle: autoDraw = True
216.8643 	EXP 	go_rectangle: autoDraw = False
216.8643 	EXP 	stop_signal_triangle: autoDraw = False
216.8643 	EXP 	no_shape: autoDraw = True
217.8643 	EXP 	no_shape: autoDraw = False
217.8643 	EXP 	no_shape: autoDraw = False
217.8643 	EXP 	feedback_text: height = 0.05
217.8643 	EXP 	feedback_text: height = 0.05
217.8643 	EXP 	feedback_text: height = 0.05
217.8643 	EXP 	feedback_text: text = 'correct, +1 \n total = 9'
217.8643 	EXP 	feedback_text: autoDraw = True
218.8480 	EXP 	New trial (rep=23, index=0): None
218.8637 	EXP 	feedback_text: autoDraw = False
218.8637 	EXP 	feedback_text: autoDraw = False
218.8637 	EXP 	fixation_cross: autoDraw = True
219.9134 	EXP 	fixation_cross: autoDraw = False
219.9134 	EXP 	fixation_cross: autoDraw = False
219.9134 	EXP 	go_rectangle: fillColor = <psychopy.colors.Color: white, alpha=1.0>
219.9134 	EXP 	go_rectangle: ori = 0.0
219.9134 	EXP 	stop_signal_triangle: fillColor = <psychopy.colors.Color: white, alpha=1.0>
219.9134 	EXP 	stop_signal_triangle: ori = 0.0
219.9134 	EXP 	go_rectangle: autoDraw = True
219.9967 	EXP 	stop_signal_triangle: autoDraw = True
220.0138 	EXP 	go_rectangle: autoDraw = False
220.2135 	EXP 	go_rectangle: autoDraw = False
220.2135 	EXP 	stop_signal_triangle: autoDraw = False
220.2135 	EXP 	no_shape: autoDraw = True
221.2134 	EXP 	no_shape: autoDraw = False
221.2134 	EXP 	no_shape: autoDraw = False
221.2134 	EXP 	feedback_text: height = 0.05
221.2134 	EXP 	feedback_text: height = 0.05
221.2134 	EXP 	feedback_text: height = 0.05
221.2134 	EXP 	feedback_text: text = 'incorrect, -3 \n total = 6'
221.2134 	EXP 	feedback_text: autoDraw = True
222.1977 	EXP 	New trial (rep=24, index=0): None
222.2130 	EXP 	feedback_text: autoDraw = False
222.2130 	EXP 	feedback_text: autoDraw = False
222.2130 	EXP 	fixation_cross: autoDraw = True
223.4299 	EXP 	fixation_cross: autoDraw = False
223.4299 	EXP 	fixation_cross: autoDraw = False
223.4299 	EXP 	go_rectangle: fillColor = <psychopy.colors.Color: blue, alpha=1.0>
223.4299 	EXP 	go_rectangle: ori = 0.0
223.4299 	EXP 	stop_signal_triangle: fillColor = <psychopy.colors.Color: white, alpha=1.0>
223.4299 	EXP 	stop_signal_triangle: ori = 0.0
223.4299 	EXP 	go_rectangle: autoDraw = True
223.6631 	EXP 	go_rectangle: autoDraw = False
223.6631 	EXP 	stop_signal_triangle: autoDraw = False
223.6631 	EXP 	no_shape: autoDraw = True
224.6629 	EXP 	no_shape: autoDraw = False
224.6629 	EXP 	no_shape: autoDraw = False
224.6629 	EXP 	feedback_text: height = 0.05
224.6629 	EXP 	feedback_text: height = 0.05
224.6629 	EXP 	feedback_text: height = 0.05
224.6629 	EXP 	feedback_text: text = 'correct, +1 \n total = 7'
224.6629 	EXP 	feedback_text: autoDraw = True
225.6472 	EXP 	New trial (rep=25, index=0): None
225.6627 	EXP 	feedback_text: autoDraw = False
225.6627 	EXP 	feedback_text: autoDraw = False
225.6627 	EXP 	fixation_cross: autoDraw = True
226.3961 	EXP 	fixation_cross: autoDraw = False
226.3961 	EXP 	fixation_cross: autoDraw = False
226.3961 	EXP 	go_rectangle: fillColor = <psychopy.colors.Color: white, alpha=1.0>
226.3961 	EXP 	go_rectangle: ori = 0.0
226.3961 	EXP 	stop_signal_triangle: fillColor = <psychopy.colors.Color: blue, alpha=1.0>
226.3961 	EXP 	stop_signal_triangle: ori = 0.0
226.3961 	EXP 	go_rectangle: autoDraw = True
226.4792 	EXP 	stop_signal_triangle: autoDraw = True
226.4961 	EXP 	go_rectangle: autoDraw = False
226.7125 	EXP 	go_rectangle: autoDraw = False
226.7125 	EXP 	stop_signal_triangle: autoDraw = False
226.7125 	EXP 	no_shape: autoDraw = True
227.7124 	EXP 	no_shape: autoDraw = False
227.7124 	EXP 	no_shape: autoDraw = False
227.7124 	EXP 	feedback_text: height = 0.05
227.7124 	EXP 	feedback_text: height = 0.05
227.7124 	EXP 	feedback_text: height = 0.05
227.7124 	EXP 	feedback_text: text = 'correct, +1 \n total = 8'
227.7124 	EXP 	feedback_text: autoDraw = True
228.6965 	EXP 	New trial (rep=26, index=0): None
228.7122 	EXP 	feedback_text: autoDraw = False
228.7122 	EXP 	feedback_text: autoDraw = False
228.7122 	EXP 	fixation_cross: autoDraw = True
229.7954 	EXP 	fixation_cross: autoDraw = False
229.7954 	EXP 	fixation_cross: autoDraw = False
229.7954 	EXP 	go_rectangle: fillColor = <psychopy.colors.Color: blue, alpha=1.0>
229.7954 	EXP 	go_rectangle: ori = 0.0
229.7954 	EXP 	stop_signal_triangle: fillColor = <psychopy.colors.Color: white, alpha=1.0>
229.7954 	EXP 	stop_signal_triangle: ori = 0.0
229.7954 	EXP 	go_rectangle: autoDraw = True
230.0621 	EXP 	go_rectangle: autoDraw = False
230.0621 	EXP 	stop_signal_triangle: autoDraw = False
230.0621 	EXP 	no_shape: autoDraw = True
231.0623 	EXP 	no_shape: autoDraw = False
231.0623 	EXP 	no_shape: autoDraw = False
231.0623 	EXP 	feedback_text: height = 0.05
231.0623 	EXP 	feedback_text: height = 0.05
231.0623 	EXP 	feedback_text: height = 0.05
231.0623 	EXP 	feedback_text: text = 'correct, +1 \n total = 9'
231.0623 	EXP 	feedback_text: autoDraw = True
232.0458 	EXP 	New trial (rep=27, index=0): None
232.0618 	EXP 	feedback_text: autoDraw = False
232.0618 	EXP 	feedback_text: autoDraw = False
232.0618 	EXP 	fixation_cross: autoDraw = True
233.3281 	EXP 	fixation_cross: autoDraw = False
233.3281 	EXP 	fixation_cross: autoDraw = False
233.3281 	EXP 	go_rectangle: fillColor = <psychopy.colors.Color: white, alpha=1.0>
233.3281 	EXP 	go_rectangle: ori = 0.0
233.3281 	EXP 	stop_signal_triangle: fillColor = <psychopy.colors.Color: white, alpha=1.0>
233.3281 	EXP 	stop_signal_triangle: ori = 0.0
233.3281 	EXP 	go_rectangle: autoDraw = True
233.5781 	EXP 	go_rectangle: autoDraw = False
233.5781 	EXP 	stop_signal_triangle: autoDraw = False
233.5781 	EXP 	no_shape: autoDraw = True
234.5779 	EXP 	no_shape: autoDraw = False
234.5779 	EXP 	no_shape: autoDraw = False
234.5779 	EXP 	feedback_text: height = 0.05
234.5779 	EXP 	feedback_text: height = 0.05
234.5779 	EXP 	feedback_text: height = 0.05
234.5779 	EXP 	feedback_text: text = 'correct, +1 \n total = 10'
234.5779 	EXP 	feedback_text: autoDraw = True
235.5630 	EXP 	New trial (rep=28, index=0): None
235.5781 	EXP 	feedback_text: autoDraw = False
235.5781 	EXP 	feedback_text: autoDraw = False
235.5781 	EXP 	fixation_cross: autoDraw = True
236.4444 	EXP 	fixation_cross: autoDraw = False
236.4444 	EXP 	fixation_cross: autoDraw = False
236.4444 	EXP 	go_rectangle: fillColor = <psychopy.colors.Color: white, alpha=1.0>
236.4444 	EXP 	go_rectangle: ori = 0.0
236.4444 	EXP 	stop_signal_triangle: fillColor = <psychopy.colors.Color: white, alpha=1.0>
236.4444 	EXP 	stop_signal_triangle: ori = 0.0
236.4444 	EXP 	go_rectangle: autoDraw = True
236.5279 	EXP 	stop_signal_triangle: autoDraw = True
236.5444 	EXP 	go_rectangle: autoDraw = False
236.7114 	EXP 	go_rectangle: autoDraw = False
236.7114 	EXP 	stop_signal_triangle: autoDraw = False
236.7114 	EXP 	no_shape: autoDraw = True
237.7109 	EXP 	no_shape: autoDraw = False
237.7109 	EXP 	no_shape: autoDraw = False
237.7109 	EXP 	feedback_text: height = 0.05
237.7109 	EXP 	feedback_text: height = 0.05
237.7109 	EXP 	feedback_text: height = 0.05
237.7109 	EXP 	feedback_text: text = 'incorrect, -3 \n total = 7'
237.7109 	EXP 	feedback_text: autoDraw = True
238.6957 	EXP 	New trial (rep=29, index=0): None
238.7105 	EXP 	feedback_text: autoDraw = False
238.7105 	EXP 	feedback_text: autoDraw = False
238.7105 	EXP 	fixation_cross: autoDraw = True
239.5607 	EXP 	fixation_cross: autoDraw = False
239.5607 	EXP 	fixation_cross: autoDraw = False
239.5607 	EXP 	go_rectangle: fillColor = <psychopy.colors.Color: white, alpha=1.0>
239.5607 	EXP 	go_rectangle: ori = 0.0
239.5607 	EXP 	stop_signal_triangle: fillColor = <psychopy.colors.Color: white, alpha=1.0>
239.5607 	EXP 	stop_signal_triangle: ori = 0.0
239.5607 	EXP 	go_rectangle: autoDraw = True
239.7609 	EXP 	go_rectangle: autoDraw = False
239.7609 	EXP 	stop_signal_triangle: autoDraw = False
239.7609 	EXP 	no_shape: autoDraw = True
240.7605 	EXP 	no_shape: autoDraw = False
240.7605 	EXP 	no_shape: autoDraw = False
240.7605 	EXP 	feedback_text: height = 0.05
240.7605 	EXP 	feedback_text: height = 0.05
240.7605 	EXP 	feedback_text: height = 0.05
240.7605 	EXP 	feedback_text: text = 'correct, +1 \n total = 8'
240.7605 	EXP 	feedback_text: autoDraw = True
241.7451 	EXP 	New trial (rep=30, index=0): None
241.7602 	EXP 	feedback_text: autoDraw = False
241.7602 	EXP 	feedback_text: autoDraw = False
241.7602 	EXP 	fixation_cross: autoDraw = True
242.4936 	EXP 	fixation_cross: autoDraw = False
242.4936 	EXP 	fixation_cross: autoDraw = False
242.4936 	EXP 	go_rectangle: fillColor = <psychopy.colors.Color: blue, alpha=1.0>
242.4936 	EXP 	go_rectangle: ori = 0.0
242.4936 	EXP 	stop_signal_triangle: fillColor = <psychopy.colors.Color: white, alpha=1.0>
242.4936 	EXP 	stop_signal_triangle: ori = 0.0
242.4936 	EXP 	go_rectangle: autoDraw = True
242.7767 	EXP 	go_rectangle: autoDraw = False
242.7767 	EXP 	stop_signal_triangle: autoDraw = False
242.7767 	EXP 	no_shape: autoDraw = True
243.7768 	EXP 	no_shape: autoDraw = False
243.7768 	EXP 	no_shape: autoDraw = False
243.7768 	EXP 	feedback_text: height = 0.05
243.7768 	EXP 	feedback_text: height = 0.05
243.7768 	EXP 	feedback_text: height = 0.05
243.7768 	EXP 	feedback_text: text = 'correct, +1 \n total = 9'
243.7768 	EXP 	feedback_text: autoDraw = True
244.7613 	EXP 	New trial (rep=31, index=0): None
244.7764 	EXP 	feedback_text: autoDraw = False
244.7764 	EXP 	feedback_text: autoDraw = False
244.7764 	EXP 	fixation_cross: autoDraw = True
245.4598 	EXP 	fixation_cross: autoDraw = False
245.4598 	EXP 	fixation_cross: autoDraw = False
245.4598 	EXP 	go_rectangle: fillColor = <psychopy.colors.Color: white, alpha=1.0>
245.4598 	EXP 	go_rectangle: ori = 0.0
245.4598 	EXP 	stop_signal_triangle: fillColor = <psychopy.colors.Color: white, alpha=1.0>
245.4598 	EXP 	stop_signal_triangle: ori = 0.0
245.4598 	EXP 	go_rectangle: autoDraw = True
245.7429 	EXP 	go_rectangle: autoDraw = False
245.7429 	EXP 	stop_signal_triangle: autoDraw = False
245.7429 	EXP 	no_shape: autoDraw = True
246.7428 	EXP 	no_shape: autoDraw = False
246.7428 	EXP 	no_shape: autoDraw = False
246.7428 	EXP 	feedback_text: height = 0.05
246.7428 	EXP 	feedback_text: height = 0.05
246.7428 	EXP 	feedback_text: height = 0.05
246.7428 	EXP 	feedback_text: text = 'correct, +1 \n total = 10'
246.7428 	EXP 	feedback_text: autoDraw = True
247.7272 	EXP 	New trial (rep=32, index=0): None
247.7427 	EXP 	feedback_text: autoDraw = False
247.7427 	EXP 	feedback_text: autoDraw = False
247.7427 	EXP 	fixation_cross: autoDraw = True
248.6930 	EXP 	fixation_cross: autoDraw = False
248.6930 	EXP 	fixation_cross: autoDraw = False
248.6930 	EXP 	go_rectangle: fillColor = <psychopy.colors.Color: white, alpha=1.0>
248.6930 	EXP 	go_rectangle: ori = 0.0
248.6930 	EXP 	stop_signal_triangle: fillColor = <psychopy.colors.Color: white, alpha=1.0>
248.6930 	EXP 	stop_signal_triangle: ori = 0.0
248.6930 	EXP 	go_rectangle: autoDraw = True
249.6756 	EXP 	go_rectangle: autoDraw = False
249.6756 	EXP 	stop_signal_triangle: autoDraw = False
249.6756 	EXP 	no_shape: autoDraw = True
250.6755 	EXP 	no_shape: autoDraw = False
250.6755 	EXP 	no_shape: autoDraw = False
250.6755 	EXP 	feedback_text: height = 0.05
250.6755 	EXP 	feedback_text: height = 0.05
250.6755 	EXP 	feedback_text: height = 0.05
250.6755 	EXP 	feedback_text: text = 'incorrect, -1 \n total = 9'
250.6755 	EXP 	feedback_text: autoDraw = True
251.6601 	EXP 	New trial (rep=33, index=0): None
251.6754 	EXP 	feedback_text: autoDraw = False
251.6754 	EXP 	feedback_text: autoDraw = False
251.6754 	EXP 	fixation_cross: autoDraw = True
252.4922 	EXP 	fixation_cross: autoDraw = False
252.4922 	EXP 	fixation_cross: autoDraw = False
252.4922 	EXP 	go_rectangle: fillColor = <psychopy.colors.Color: white, alpha=1.0>
252.4922 	EXP 	go_rectangle: ori = 0.0
252.4922 	EXP 	stop_signal_triangle: fillColor = <psychopy.colors.Color: blue, alpha=1.0>
252.4922 	EXP 	stop_signal_triangle: ori = 0.0
252.4922 	EXP 	go_rectangle: autoDraw = True
252.5757 	EXP 	stop_signal_triangle: autoDraw = True
252.5925 	EXP 	go_rectangle: autoDraw = False
253.0752 	EXP 	stop_signal_triangle: autoDraw = False
253.0752 	EXP 	go_rectangle: autoDraw = False
253.0752 	EXP 	stop_signal_triangle: autoDraw = False
253.0752 	EXP 	no_shape: autoDraw = True
254.0750 	EXP 	no_shape: autoDraw = False
254.0750 	EXP 	no_shape: autoDraw = False
254.0750 	EXP 	feedback_text: height = 0.05
254.0750 	EXP 	feedback_text: height = 0.05
254.0750 	EXP 	feedback_text: height = 0.05
254.0750 	EXP 	feedback_text: text = 'incorrect, -1 \n total = 8'
254.0750 	EXP 	feedback_text: autoDraw = True
255.0595 	EXP 	New trial (rep=34, index=0): None
255.0748 	EXP 	feedback_text: autoDraw = False
255.0748 	EXP 	feedback_text: autoDraw = False
255.0748 	EXP 	fixation_cross: autoDraw = True
256.2581 	EXP 	fixation_cross: autoDraw = False
256.2581 	EXP 	fixation_cross: autoDraw = False
256.2581 	EXP 	go_rectangle: fillColor = <psychopy.colors.Color: blue, alpha=1.0>
256.2581 	EXP 	go_rectangle: ori = 0.0
256.2581 	EXP 	stop_signal_triangle: fillColor = <psychopy.colors.Color: white, alpha=1.0>
256.2581 	EXP 	stop_signal_triangle: ori = 0.0
256.2581 	EXP 	go_rectangle: autoDraw = True
257.2413 	EXP 	go_rectangle: autoDraw = False
257.2413 	EXP 	stop_signal_triangle: autoDraw = False
257.2413 	EXP 	no_shape: autoDraw = True
258.2414 	EXP 	no_shape: autoDraw = False
258.2414 	EXP 	no_shape: autoDraw = False
258.2414 	EXP 	feedback_text: height = 0.05
258.2414 	EXP 	feedback_text: height = 0.05
258.2414 	EXP 	feedback_text: height = 0.05
258.2414 	EXP 	feedback_text: text = 'incorrect, -1 \n total = 7'
258.2414 	EXP 	feedback_text: autoDraw = True
259.2083 	EXP 	modified_stop_signal_task_lsl: status = STOPPED
259.2244 	EXP 	feedback_text: autoDraw = False
259.2245 	EXP 	modified_stop_signal_task_lsl: status = STOPPED
259.6986 	EXP 	window1: mouseVisible = True
